[2025-03-10 11:31:01] INFO: 開始執行更新程序
[2025-03-10 11:31:02] INFO: 成功取得頻道影片清單，共 10 部影片
[2025-03-10 11:31:02] INFO: 已更新 1 部新影片
[2025-03-10 11:31:02] INFO: 下載字幕中：6588:D79NstCwIs8
[2025-03-10 11:31:03] INFO: 影片標題：Starship EXPLODES, Tariffs OFF, Newsom Butters Up CHARLIE KIRK | Breaking Points
[2025-03-10 11:31:03] INFO: 上傳日期：2025-03-07
[2025-03-10 11:31:04] ERROR: 下載失敗 6588:D79NstCwIs8: Expecting value: line 1 column 1 (char 0)
[2025-03-10 11:31:04] WARNING: 已加入黑名單：6588:D79NstCwIs8
[2025-03-10 11:31:04] INFO: 下載字幕中：6587:EXwT_7HVmys
[2025-03-10 11:31:06] INFO: 影片標題：Environmental TERRORISM? Newsom FORCES CLOSURE of Historic California Farms
[2025-03-10 11:31:06] INFO: 上傳日期：2025-03-08
[2025-03-10 11:31:07] INFO: 字幕已儲存為：/Users/simonsu/git_doc/Break-Points/src/subtitle//EXwT_7HVmys.txt
[2025-03-10 11:31:07] INFO: 下載字幕中：6586:EcX2Rj1q5aU
[2025-03-10 11:31:08] INFO: 影片標題：Cuomo Dem Machine CALLED OUT By Viral Leftist Challenger
[2025-03-10 11:31:08] INFO: 上傳日期：2025-03-06
[2025-03-10 11:31:09] INFO: 字幕已儲存為：/Users/simonsu/git_doc/Break-Points/src/subtitle//EcX2Rj1q5aU.txt
[2025-03-10 11:31:09] INFO: 下載字幕中：6585:1a7_1c6szis
[2025-03-10 11:31:10] INFO: 影片標題：Trump COOKING THE BOOKS to Hide Economic CRASH
[2025-03-10 11:31:10] INFO: 上傳日期：2025-03-06
[2025-03-10 11:31:11] INFO: 字幕已儲存為：/Users/simonsu/git_doc/Break-Points/src/subtitle//1a7_1c6szis.txt
[2025-03-10 11:31:11] INFO: 下載字幕中：6584:T542RxJKNMo
[2025-03-10 11:31:12] INFO: 影片標題：Andrew Tate FLEES US After Florida Opens Investigation
[2025-03-10 11:31:12] INFO: 上傳日期：2025-03-06
[2025-03-10 11:31:13] INFO: 字幕已儲存為：/Users/simonsu/git_doc/Break-Points/src/subtitle//T542RxJKNMo.txt
[2025-03-10 11:31:13] INFO: 下載字幕中：6583:9tDQkdVDnV4
[2025-03-10 11:31:15] INFO: 影片標題：Israel FURIOUS As Trump NEGOTIATES WITH HAMAS
[2025-03-10 11:31:15] INFO: 上傳日期：2025-03-06
[2025-03-10 11:31:15] INFO: 字幕已儲存為：/Users/simonsu/git_doc/Break-Points/src/subtitle//9tDQkdVDnV4.txt
[2025-03-10 11:31:15] INFO: 下載字幕中：6582:ZzJMxh68RGI
[2025-03-10 11:31:17] INFO: 影片標題：Former AI Insider: AI SUPER INTELLIGENCE COMING Under Trump
[2025-03-10 11:31:17] INFO: 上傳日期：2025-03-06
[2025-03-10 11:31:18] INFO: 字幕已儲存為：/Users/simonsu/git_doc/Break-Points/src/subtitle//ZzJMxh68RGI.txt
[2025-03-10 11:31:18] INFO: 下載字幕中：6581:AMz2nmtsD7I
[2025-03-10 11:31:19] INFO: 影片標題：Fed Predicts RECESSION, Jobs Numbers Fall
[2025-03-10 11:31:19] INFO: 上傳日期：2025-03-06
[2025-03-10 11:31:20] INFO: 字幕已儲存為：/Users/simonsu/git_doc/Break-Points/src/subtitle//AMz2nmtsD7I.txt
[2025-03-10 11:31:20] INFO: 下載字幕中：6580:V2B7OcBNK7E
[2025-03-10 11:31:21] INFO: 影片標題：Markets PLUMMET As Trump Tariffs Here To Stay
[2025-03-10 11:31:21] INFO: 上傳日期：2025-03-06
[2025-03-10 11:31:22] INFO: 字幕已儲存為：/Users/simonsu/git_doc/Break-Points/src/subtitle//V2B7OcBNK7E.txt
[2025-03-10 11:31:22] INFO: 下載字幕中：6579:UdzBcIhBYqA
[2025-03-10 11:31:23] INFO: 影片標題：'CHILDREN': Doc Back From Gaza TRASHES Trump Speech Spectacle
[2025-03-10 11:31:23] INFO: 上傳日期：2025-03-05
[2025-03-10 11:31:24] INFO: 字幕已儲存為：/Users/simonsu/git_doc/Break-Points/src/subtitle//UdzBcIhBYqA.txt
[2025-03-10 11:31:24] INFO: 下載字幕中：6578:PbiGFNe9RKk
[2025-03-10 11:31:25] INFO: 影片標題：Republicans Vote To Make DEBANKING Great Again
[2025-03-10 11:31:25] INFO: 上傳日期：2025-03-05
[2025-03-10 11:31:25] INFO: 字幕已儲存為：/Users/simonsu/git_doc/Break-Points/src/subtitle//PbiGFNe9RKk.txt
[2025-03-10 11:31:25] INFO: 已達到最大下載數量 (10)
[2025-03-10 11:31:25] INFO: 處理摘要中：T542RxJKNMo
[2025-03-10 11:31:45] INFO: 摘要已儲存：/Users/simonsu/git_doc/Break-Points/src/../summary/T542RxJKNMo.md
[2025-03-10 11:31:45] INFO: 處理摘要中：ZzJMxh68RGI
[2025-03-10 11:31:58] WARNING: 中文比例過低 (0.00):第1次
[2025-03-10 11:32:22] INFO: 摘要已儲存：/Users/simonsu/git_doc/Break-Points/src/../summary/ZzJMxh68RGI.md
[2025-03-10 11:32:22] INFO: 處理摘要中：UdzBcIhBYqA
[2025-03-10 11:32:33] INFO: 摘要已儲存：/Users/simonsu/git_doc/Break-Points/src/../summary/UdzBcIhBYqA.md
[2025-03-10 11:32:33] INFO: 處理摘要中：V2B7OcBNK7E
[2025-03-10 11:32:52] WARNING: 中文比例過低 (0.18):第1次
[2025-03-10 11:34:31] INFO: 開始執行更新程序
[2025-03-10 11:34:31] INFO: 成功取得頻道影片清單，共 10 部影片
[2025-03-10 11:34:31] INFO: 沒有新影片
[2025-03-10 11:34:31] INFO: 下載字幕中：6613:EXwT_7HVmys
[2025-03-10 11:34:33] INFO: 影片標題：Environmental TERRORISM? Newsom FORCES CLOSURE of Historic California Farms
[2025-03-10 11:34:33] INFO: 上傳日期：2025-03-08
[2025-03-10 11:34:33] INFO: 字幕已儲存為：/Users/simonsu/git_doc/Break-Points/src/subtitle//EXwT_7HVmys.txt
[2025-03-10 11:34:33] INFO: 下載字幕中：6611:EcX2Rj1q5aU
[2025-03-10 11:34:35] INFO: 影片標題：Cuomo Dem Machine CALLED OUT By Viral Leftist Challenger
[2025-03-10 11:34:35] INFO: 上傳日期：2025-03-06
[2025-03-10 11:34:35] INFO: 字幕已儲存為：/Users/simonsu/git_doc/Break-Points/src/subtitle//EcX2Rj1q5aU.txt
[2025-03-10 11:34:35] INFO: 下載字幕中：6610:1a7_1c6szis
[2025-03-10 11:34:37] INFO: 影片標題：Trump COOKING THE BOOKS to Hide Economic CRASH
[2025-03-10 11:34:37] INFO: 上傳日期：2025-03-06
[2025-03-10 11:34:37] INFO: 字幕已儲存為：/Users/simonsu/git_doc/Break-Points/src/subtitle//1a7_1c6szis.txt
[2025-03-10 11:34:37] INFO: 下載字幕中：6609:T542RxJKNMo
[2025-03-10 11:34:38] INFO: 影片標題：Andrew Tate FLEES US After Florida Opens Investigation
[2025-03-10 11:34:38] INFO: 上傳日期：2025-03-06
[2025-03-10 11:34:39] INFO: 字幕已儲存為：/Users/simonsu/git_doc/Break-Points/src/subtitle//T542RxJKNMo.txt
[2025-03-10 11:34:39] INFO: 下載字幕中：6608:9tDQkdVDnV4
[2025-03-10 11:34:40] INFO: 影片標題：Israel FURIOUS As Trump NEGOTIATES WITH HAMAS
[2025-03-10 11:34:40] INFO: 上傳日期：2025-03-06
[2025-03-10 11:34:40] INFO: 字幕已儲存為：/Users/simonsu/git_doc/Break-Points/src/subtitle//9tDQkdVDnV4.txt
[2025-03-10 11:34:40] INFO: 下載字幕中：6607:ZzJMxh68RGI
[2025-03-10 11:34:43] INFO: 影片標題：Former AI Insider: AI SUPER INTELLIGENCE COMING Under Trump
[2025-03-10 11:34:43] INFO: 上傳日期：2025-03-06
[2025-03-10 11:34:43] INFO: 字幕已儲存為：/Users/simonsu/git_doc/Break-Points/src/subtitle//ZzJMxh68RGI.txt
[2025-03-10 11:34:43] INFO: 下載字幕中：6606:AMz2nmtsD7I
[2025-03-10 11:34:45] INFO: 影片標題：Fed Predicts RECESSION, Jobs Numbers Fall
[2025-03-10 11:34:45] INFO: 上傳日期：2025-03-06
[2025-03-10 11:34:45] INFO: 字幕已儲存為：/Users/simonsu/git_doc/Break-Points/src/subtitle//AMz2nmtsD7I.txt
[2025-03-10 11:34:45] INFO: 下載字幕中：6605:V2B7OcBNK7E
[2025-03-10 11:34:46] INFO: 影片標題：Markets PLUMMET As Trump Tariffs Here To Stay
[2025-03-10 11:34:46] INFO: 上傳日期：2025-03-06
[2025-03-10 11:34:47] INFO: 字幕已儲存為：/Users/simonsu/git_doc/Break-Points/src/subtitle//V2B7OcBNK7E.txt
[2025-03-10 11:34:47] INFO: 下載字幕中：6604:UdzBcIhBYqA
[2025-03-10 11:34:48] INFO: 影片標題：'CHILDREN': Doc Back From Gaza TRASHES Trump Speech Spectacle
[2025-03-10 11:34:48] INFO: 上傳日期：2025-03-05
[2025-03-10 11:34:49] INFO: 字幕已儲存為：/Users/simonsu/git_doc/Break-Points/src/subtitle//UdzBcIhBYqA.txt
[2025-03-10 11:34:49] INFO: 下載字幕中：6603:PbiGFNe9RKk
[2025-03-10 11:34:50] INFO: 影片標題：Republicans Vote To Make DEBANKING Great Again
[2025-03-10 11:34:50] INFO: 上傳日期：2025-03-05
[2025-03-10 11:34:50] INFO: 字幕已儲存為：/Users/simonsu/git_doc/Break-Points/src/subtitle//PbiGFNe9RKk.txt
[2025-03-10 11:34:50] INFO: 已達到最大下載數量 (10)
[2025-03-10 11:34:50] INFO: 處理摘要中：T542RxJKNMo
[2025-03-10 11:35:05] INFO: 摘要已儲存：/Users/simonsu/git_doc/Break-Points/src/../summary/T542RxJKNMo.md
[2025-03-10 11:35:05] INFO: 處理摘要中：ZzJMxh68RGI
[2025-03-10 11:35:17] INFO: 摘要已儲存：/Users/simonsu/git_doc/Break-Points/src/../summary/ZzJMxh68RGI.md
[2025-03-10 11:35:17] INFO: 處理摘要中：UdzBcIhBYqA
[2025-03-10 11:35:34] INFO: 摘要已儲存：/Users/simonsu/git_doc/Break-Points/src/../summary/UdzBcIhBYqA.md
[2025-03-10 11:35:34] INFO: 處理摘要中：V2B7OcBNK7E
[2025-03-10 11:35:51] WARNING: 中文比例過低 (0.18):第1次
[2025-03-10 11:36:03] INFO: 摘要已儲存：/Users/simonsu/git_doc/Break-Points/src/../summary/V2B7OcBNK7E.md
[2025-03-10 11:36:03] INFO: 處理摘要中：EcX2Rj1q5aU
[2025-03-10 11:36:19] INFO: 摘要已儲存：/Users/simonsu/git_doc/Break-Points/src/../summary/EcX2Rj1q5aU.md
[2025-03-10 11:36:19] INFO: 處理摘要中：1a7_1c6szis
[2025-03-10 11:36:33] WARNING: 中文比例過低 (0.00):第1次
[2025-03-10 11:36:49] INFO: 摘要已儲存：/Users/simonsu/git_doc/Break-Points/src/../summary/1a7_1c6szis.md
[2025-03-10 11:36:49] INFO: 處理摘要中：AMz2nmtsD7I
[2025-03-10 11:36:58] INFO: 摘要已儲存：/Users/simonsu/git_doc/Break-Points/src/../summary/AMz2nmtsD7I.md
[2025-03-10 11:36:58] INFO: 處理摘要中：EXwT_7HVmys
[2025-03-10 11:37:07] INFO: 摘要已儲存：/Users/simonsu/git_doc/Break-Points/src/../summary/EXwT_7HVmys.md
[2025-03-10 11:37:07] INFO: 處理摘要中：9tDQkdVDnV4
[2025-03-10 11:37:24] INFO: 摘要已儲存：/Users/simonsu/git_doc/Break-Points/src/../summary/9tDQkdVDnV4.md
[2025-03-10 11:37:24] INFO: 處理摘要中：PbiGFNe9RKk
[2025-03-10 11:37:36] INFO: 摘要已儲存：/Users/simonsu/git_doc/Break-Points/src/../summary/PbiGFNe9RKk.md
[2025-03-10 11:37:36] INFO: 完成 10 個檔案的摘要
[2025-03-10 11:37:36] INFO: 處理文件：/Users/simonsu/git_doc/Break-Points/src/../pages//00-index.md (idx: 1-20, 實際筆數: 20)
[2025-03-10 11:37:36] INFO: 完成文件：/Users/simonsu/git_doc/Break-Points/src/../pages//00-index.md
[2025-03-10 11:37:36] INFO: 處理文件：/Users/simonsu/git_doc/Break-Points/src/../pages//01-index.md (idx: 21-40, 實際筆數: 20)
[2025-03-10 11:37:36] INFO: 完成文件：/Users/simonsu/git_doc/Break-Points/src/../pages//01-index.md
[2025-03-10 11:37:36] INFO: 處理文件：/Users/simonsu/git_doc/Break-Points/src/../pages//02-index.md (idx: 41-60, 實際筆數: 20)
[2025-03-10 11:37:36] INFO: 完成文件：/Users/simonsu/git_doc/Break-Points/src/../pages//02-index.md
[2025-03-10 11:37:36] INFO: 處理文件：/Users/simonsu/git_doc/Break-Points/src/../pages//03-index.md (idx: 61-80, 實際筆數: 20)
[2025-03-10 11:37:36] INFO: 完成文件：/Users/simonsu/git_doc/Break-Points/src/../pages//03-index.md
[2025-03-10 11:37:36] INFO: 處理文件：/Users/simonsu/git_doc/Break-Points/src/../pages//04-index.md (idx: 81-100, 實際筆數: 20)
[2025-03-10 11:37:36] INFO: 完成文件：/Users/simonsu/git_doc/Break-Points/src/../pages//04-index.md
[2025-03-10 11:37:36] INFO: 處理文件：/Users/simonsu/git_doc/Break-Points/src/../pages//05-index.md (idx: 101-120, 實際筆數: 20)
[2025-03-10 11:37:36] INFO: 完成文件：/Users/simonsu/git_doc/Break-Points/src/../pages//05-index.md
[2025-03-10 11:37:36] INFO: 處理文件：/Users/simonsu/git_doc/Break-Points/src/../pages//06-index.md (idx: 121-140, 實際筆數: 20)
[2025-03-10 11:37:36] INFO: 完成文件：/Users/simonsu/git_doc/Break-Points/src/../pages//06-index.md
[2025-03-10 11:37:36] INFO: 處理文件：/Users/simonsu/git_doc/Break-Points/src/../pages//07-index.md (idx: 141-160, 實際筆數: 20)
[2025-03-10 11:37:36] INFO: 完成文件：/Users/simonsu/git_doc/Break-Points/src/../pages//07-index.md
[2025-03-10 11:37:36] INFO: 處理文件：/Users/simonsu/git_doc/Break-Points/src/../pages//08-index.md (idx: 161-180, 實際筆數: 20)
[2025-03-10 11:37:36] INFO: 完成文件：/Users/simonsu/git_doc/Break-Points/src/../pages//08-index.md
[2025-03-10 11:37:36] INFO: 處理文件：/Users/simonsu/git_doc/Break-Points/src/../pages//09-index.md (idx: 181-200, 實際筆數: 20)
[2025-03-10 11:37:36] INFO: 完成文件：/Users/simonsu/git_doc/Break-Points/src/../pages//09-index.md
[2025-03-10 11:37:36] INFO: 處理文件：/Users/simonsu/git_doc/Break-Points/src/../pages//10-index.md (idx: 201-220, 實際筆數: 20)
[2025-03-10 11:37:36] INFO: 完成文件：/Users/simonsu/git_doc/Break-Points/src/../pages//10-index.md
[2025-03-10 11:37:36] INFO: 處理文件：/Users/simonsu/git_doc/Break-Points/src/../pages//11-index.md (idx: 221-240, 實際筆數: 20)
[2025-03-10 11:37:36] INFO: 完成文件：/Users/simonsu/git_doc/Break-Points/src/../pages//11-index.md
[2025-03-10 11:37:36] INFO: 處理文件：/Users/simonsu/git_doc/Break-Points/src/../pages//12-index.md (idx: 241-260, 實際筆數: 20)
[2025-03-10 11:37:36] INFO: 完成文件：/Users/simonsu/git_doc/Break-Points/src/../pages//12-index.md
[2025-03-10 11:37:36] INFO: 處理文件：/Users/simonsu/git_doc/Break-Points/src/../pages//13-index.md (idx: 261-280, 實際筆數: 20)
[2025-03-10 11:37:36] INFO: 完成文件：/Users/simonsu/git_doc/Break-Points/src/../pages//13-index.md
[2025-03-10 11:37:36] INFO: 處理文件：/Users/simonsu/git_doc/Break-Points/src/../pages//14-index.md (idx: 281-300, 實際筆數: 20)
[2025-03-10 11:37:36] INFO: 完成文件：/Users/simonsu/git_doc/Break-Points/src/../pages//14-index.md
[2025-03-10 11:37:36] INFO: 處理文件：/Users/simonsu/git_doc/Break-Points/src/../pages//15-index.md (idx: 301-320, 實際筆數: 20)
[2025-03-10 11:37:36] INFO: 完成文件：/Users/simonsu/git_doc/Break-Points/src/../pages//15-index.md
[2025-03-10 11:37:36] INFO: 處理文件：/Users/simonsu/git_doc/Break-Points/src/../pages//16-index.md (idx: 321-340, 實際筆數: 20)
[2025-03-10 11:37:36] INFO: 完成文件：/Users/simonsu/git_doc/Break-Points/src/../pages//16-index.md
[2025-03-10 11:37:36] INFO: 處理文件：/Users/simonsu/git_doc/Break-Points/src/../pages//17-index.md (idx: 341-360, 實際筆數: 20)
[2025-03-10 11:37:36] INFO: 完成文件：/Users/simonsu/git_doc/Break-Points/src/../pages//17-index.md
[2025-03-10 11:37:36] INFO: 處理文件：/Users/simonsu/git_doc/Break-Points/src/../pages//18-index.md (idx: 361-380, 實際筆數: 20)
[2025-03-10 11:37:36] INFO: 完成文件：/Users/simonsu/git_doc/Break-Points/src/../pages//18-index.md
[2025-03-10 11:37:36] INFO: 處理文件：/Users/simonsu/git_doc/Break-Points/src/../pages//19-index.md (idx: 381-400, 實際筆數: 20)
[2025-03-10 11:37:36] INFO: 完成文件：/Users/simonsu/git_doc/Break-Points/src/../pages//19-index.md
[2025-03-10 11:37:36] INFO: 處理文件：/Users/simonsu/git_doc/Break-Points/src/../pages//20-index.md (idx: 401-420, 實際筆數: 20)
[2025-03-10 11:37:36] INFO: 完成文件：/Users/simonsu/git_doc/Break-Points/src/../pages//20-index.md
[2025-03-10 11:37:36] INFO: 處理文件：/Users/simonsu/git_doc/Break-Points/src/../pages//21-index.md (idx: 421-440, 實際筆數: 20)
[2025-03-10 11:37:36] INFO: 完成文件：/Users/simonsu/git_doc/Break-Points/src/../pages//21-index.md
[2025-03-10 11:37:36] INFO: 處理文件：/Users/simonsu/git_doc/Break-Points/src/../pages//22-index.md (idx: 441-460, 實際筆數: 20)
[2025-03-10 11:37:36] INFO: 完成文件：/Users/simonsu/git_doc/Break-Points/src/../pages//22-index.md
[2025-03-10 11:37:36] INFO: 處理文件：/Users/simonsu/git_doc/Break-Points/src/../pages//23-index.md (idx: 461-480, 實際筆數: 20)
[2025-03-10 11:37:36] INFO: 完成文件：/Users/simonsu/git_doc/Break-Points/src/../pages//23-index.md
[2025-03-10 11:37:36] INFO: 處理文件：/Users/simonsu/git_doc/Break-Points/src/../pages//24-index.md (idx: 481-500, 實際筆數: 20)
[2025-03-10 11:37:36] INFO: 完成文件：/Users/simonsu/git_doc/Break-Points/src/../pages//24-index.md
[2025-03-10 11:37:36] INFO: 處理文件：/Users/simonsu/git_doc/Break-Points/src/../pages//25-index.md (idx: 501-520, 實際筆數: 20)
[2025-03-10 11:37:36] INFO: 完成文件：/Users/simonsu/git_doc/Break-Points/src/../pages//25-index.md
[2025-03-10 11:37:36] INFO: 處理文件：/Users/simonsu/git_doc/Break-Points/src/../pages//26-index.md (idx: 521-540, 實際筆數: 20)
[2025-03-10 11:37:36] INFO: 完成文件：/Users/simonsu/git_doc/Break-Points/src/../pages//26-index.md
[2025-03-10 11:37:36] INFO: 處理文件：/Users/simonsu/git_doc/Break-Points/src/../pages//27-index.md (idx: 541-560, 實際筆數: 20)
[2025-03-10 11:37:36] INFO: 完成文件：/Users/simonsu/git_doc/Break-Points/src/../pages//27-index.md
[2025-03-10 11:37:36] INFO: 處理文件：/Users/simonsu/git_doc/Break-Points/src/../pages//28-index.md (idx: 561-580, 實際筆數: 20)
[2025-03-10 11:37:36] INFO: 完成文件：/Users/simonsu/git_doc/Break-Points/src/../pages//28-index.md
[2025-03-10 11:37:36] INFO: 處理文件：/Users/simonsu/git_doc/Break-Points/src/../pages//29-index.md (idx: 581-600, 實際筆數: 20)
[2025-03-10 11:37:36] INFO: 完成文件：/Users/simonsu/git_doc/Break-Points/src/../pages//29-index.md
[2025-03-10 11:37:36] INFO: 處理文件：/Users/simonsu/git_doc/Break-Points/src/../pages//30-index.md (idx: 601-620, 實際筆數: 20)
[2025-03-10 11:37:36] INFO: 完成文件：/Users/simonsu/git_doc/Break-Points/src/../pages//30-index.md
[2025-03-10 11:37:36] INFO: 處理文件：/Users/simonsu/git_doc/Break-Points/src/../pages//31-index.md (idx: 621-640, 實際筆數: 20)
[2025-03-10 11:37:36] INFO: 完成文件：/Users/simonsu/git_doc/Break-Points/src/../pages//31-index.md
[2025-03-10 11:37:36] INFO: 處理文件：/Users/simonsu/git_doc/Break-Points/src/../pages//32-index.md (idx: 641-660, 實際筆數: 20)
[2025-03-10 11:37:36] INFO: 完成文件：/Users/simonsu/git_doc/Break-Points/src/../pages//32-index.md
[2025-03-10 11:37:36] INFO: 處理文件：/Users/simonsu/git_doc/Break-Points/src/../pages//33-index.md (idx: 661-680, 實際筆數: 20)
[2025-03-10 11:37:36] INFO: 完成文件：/Users/simonsu/git_doc/Break-Points/src/../pages//33-index.md
[2025-03-10 11:37:36] INFO: 處理文件：/Users/simonsu/git_doc/Break-Points/src/../pages//34-index.md (idx: 681-700, 實際筆數: 20)
[2025-03-10 11:37:36] INFO: 完成文件：/Users/simonsu/git_doc/Break-Points/src/../pages//34-index.md
[2025-03-10 11:37:36] INFO: 處理文件：/Users/simonsu/git_doc/Break-Points/src/../pages//35-index.md (idx: 701-720, 實際筆數: 20)
[2025-03-10 11:37:36] INFO: 完成文件：/Users/simonsu/git_doc/Break-Points/src/../pages//35-index.md
[2025-03-10 11:37:36] INFO: 處理文件：/Users/simonsu/git_doc/Break-Points/src/../pages//36-index.md (idx: 721-740, 實際筆數: 20)
[2025-03-10 11:37:36] INFO: 完成文件：/Users/simonsu/git_doc/Break-Points/src/../pages//36-index.md
[2025-03-10 11:37:36] INFO: 處理文件：/Users/simonsu/git_doc/Break-Points/src/../pages//37-index.md (idx: 741-760, 實際筆數: 20)
[2025-03-10 11:37:36] INFO: 完成文件：/Users/simonsu/git_doc/Break-Points/src/../pages//37-index.md
[2025-03-10 11:37:36] INFO: 處理文件：/Users/simonsu/git_doc/Break-Points/src/../pages//38-index.md (idx: 761-780, 實際筆數: 20)
[2025-03-10 11:37:36] INFO: 完成文件：/Users/simonsu/git_doc/Break-Points/src/../pages//38-index.md
[2025-03-10 11:37:36] INFO: 處理文件：/Users/simonsu/git_doc/Break-Points/src/../pages//39-index.md (idx: 781-800, 實際筆數: 20)
[2025-03-10 11:37:36] INFO: 完成文件：/Users/simonsu/git_doc/Break-Points/src/../pages//39-index.md
[2025-03-10 11:37:36] INFO: 處理文件：/Users/simonsu/git_doc/Break-Points/src/../pages//40-index.md (idx: 801-820, 實際筆數: 20)
[2025-03-10 11:37:36] INFO: 完成文件：/Users/simonsu/git_doc/Break-Points/src/../pages//40-index.md
[2025-03-10 11:37:36] INFO: 處理文件：/Users/simonsu/git_doc/Break-Points/src/../pages//41-index.md (idx: 821-840, 實際筆數: 20)
[2025-03-10 11:37:36] INFO: 完成文件：/Users/simonsu/git_doc/Break-Points/src/../pages//41-index.md
[2025-03-10 11:37:36] INFO: 處理文件：/Users/simonsu/git_doc/Break-Points/src/../pages//42-index.md (idx: 841-860, 實際筆數: 20)
[2025-03-10 11:37:36] INFO: 完成文件：/Users/simonsu/git_doc/Break-Points/src/../pages//42-index.md
[2025-03-10 11:37:36] INFO: 處理文件：/Users/simonsu/git_doc/Break-Points/src/../pages//43-index.md (idx: 861-880, 實際筆數: 20)
[2025-03-10 11:37:36] INFO: 完成文件：/Users/simonsu/git_doc/Break-Points/src/../pages//43-index.md
[2025-03-10 11:37:36] INFO: 處理文件：/Users/simonsu/git_doc/Break-Points/src/../pages//44-index.md (idx: 881-900, 實際筆數: 20)
[2025-03-10 11:37:36] INFO: 完成文件：/Users/simonsu/git_doc/Break-Points/src/../pages//44-index.md
[2025-03-10 11:37:36] INFO: 處理文件：/Users/simonsu/git_doc/Break-Points/src/../pages//45-index.md (idx: 901-920, 實際筆數: 20)
[2025-03-10 11:37:36] INFO: 完成文件：/Users/simonsu/git_doc/Break-Points/src/../pages//45-index.md
[2025-03-10 11:37:36] INFO: 處理文件：/Users/simonsu/git_doc/Break-Points/src/../pages//46-index.md (idx: 921-940, 實際筆數: 20)
[2025-03-10 11:37:36] INFO: 完成文件：/Users/simonsu/git_doc/Break-Points/src/../pages//46-index.md
[2025-03-10 11:37:36] INFO: 處理文件：/Users/simonsu/git_doc/Break-Points/src/../pages//47-index.md (idx: 941-960, 實際筆數: 20)
[2025-03-10 11:37:36] INFO: 完成文件：/Users/simonsu/git_doc/Break-Points/src/../pages//47-index.md
[2025-03-10 11:37:36] INFO: 處理文件：/Users/simonsu/git_doc/Break-Points/src/../pages//48-index.md (idx: 961-980, 實際筆數: 20)
[2025-03-10 11:37:36] INFO: 完成文件：/Users/simonsu/git_doc/Break-Points/src/../pages//48-index.md
[2025-03-10 11:37:36] INFO: 處理文件：/Users/simonsu/git_doc/Break-Points/src/../pages//49-index.md (idx: 981-1000, 實際筆數: 20)
[2025-03-10 11:37:36] INFO: 完成文件：/Users/simonsu/git_doc/Break-Points/src/../pages//49-index.md
[2025-03-10 11:37:36] INFO: 處理文件：/Users/simonsu/git_doc/Break-Points/src/../pages//50-index.md (idx: 1001-1020, 實際筆數: 20)
[2025-03-10 11:37:36] INFO: 完成文件：/Users/simonsu/git_doc/Break-Points/src/../pages//50-index.md
[2025-03-10 11:37:36] INFO: 處理文件：/Users/simonsu/git_doc/Break-Points/src/../pages//51-index.md (idx: 1021-1040, 實際筆數: 20)
[2025-03-10 11:37:36] INFO: 完成文件：/Users/simonsu/git_doc/Break-Points/src/../pages//51-index.md
[2025-03-10 11:37:36] INFO: 處理文件：/Users/simonsu/git_doc/Break-Points/src/../pages//52-index.md (idx: 1041-1060, 實際筆數: 20)
[2025-03-10 11:37:36] INFO: 完成文件：/Users/simonsu/git_doc/Break-Points/src/../pages//52-index.md
[2025-03-10 11:37:36] INFO: 處理文件：/Users/simonsu/git_doc/Break-Points/src/../pages//53-index.md (idx: 1061-1080, 實際筆數: 20)
[2025-03-10 11:37:36] INFO: 完成文件：/Users/simonsu/git_doc/Break-Points/src/../pages//53-index.md
[2025-03-10 11:37:36] INFO: 處理文件：/Users/simonsu/git_doc/Break-Points/src/../pages//54-index.md (idx: 1081-1100, 實際筆數: 20)
[2025-03-10 11:37:36] INFO: 完成文件：/Users/simonsu/git_doc/Break-Points/src/../pages//54-index.md
[2025-03-10 11:37:36] INFO: 處理文件：/Users/simonsu/git_doc/Break-Points/src/../pages//55-index.md (idx: 1101-1120, 實際筆數: 20)
[2025-03-10 11:37:36] INFO: 完成文件：/Users/simonsu/git_doc/Break-Points/src/../pages//55-index.md
[2025-03-10 11:37:36] INFO: 處理文件：/Users/simonsu/git_doc/Break-Points/src/../pages//56-index.md (idx: 1121-1140, 實際筆數: 20)
[2025-03-10 11:37:36] INFO: 完成文件：/Users/simonsu/git_doc/Break-Points/src/../pages//56-index.md
[2025-03-10 11:37:36] INFO: 處理文件：/Users/simonsu/git_doc/Break-Points/src/../pages//57-index.md (idx: 1141-1160, 實際筆數: 20)
[2025-03-10 11:37:36] INFO: 完成文件：/Users/simonsu/git_doc/Break-Points/src/../pages//57-index.md
[2025-03-10 11:37:36] INFO: 處理文件：/Users/simonsu/git_doc/Break-Points/src/../pages//58-index.md (idx: 1161-1180, 實際筆數: 20)
[2025-03-10 11:37:36] INFO: 完成文件：/Users/simonsu/git_doc/Break-Points/src/../pages//58-index.md
[2025-03-10 11:37:36] INFO: 處理文件：/Users/simonsu/git_doc/Break-Points/src/../pages//59-index.md (idx: 1181-1200, 實際筆數: 20)
[2025-03-10 11:37:36] INFO: 完成文件：/Users/simonsu/git_doc/Break-Points/src/../pages//59-index.md
[2025-03-10 11:37:36] INFO: 處理文件：/Users/simonsu/git_doc/Break-Points/src/../pages//60-index.md (idx: 1201-1220, 實際筆數: 20)
[2025-03-10 11:37:36] INFO: 完成文件：/Users/simonsu/git_doc/Break-Points/src/../pages//60-index.md
[2025-03-10 11:37:36] INFO: 處理文件：/Users/simonsu/git_doc/Break-Points/src/../pages//61-index.md (idx: 1221-1240, 實際筆數: 20)
[2025-03-10 11:37:36] INFO: 完成文件：/Users/simonsu/git_doc/Break-Points/src/../pages//61-index.md
[2025-03-10 11:37:36] INFO: 處理文件：/Users/simonsu/git_doc/Break-Points/src/../pages//62-index.md (idx: 1241-1260, 實際筆數: 20)
[2025-03-10 11:37:36] INFO: 完成文件：/Users/simonsu/git_doc/Break-Points/src/../pages//62-index.md
[2025-03-10 11:37:36] INFO: 處理文件：/Users/simonsu/git_doc/Break-Points/src/../pages//63-index.md (idx: 1261-1280, 實際筆數: 20)
[2025-03-10 11:37:36] INFO: 完成文件：/Users/simonsu/git_doc/Break-Points/src/../pages//63-index.md
[2025-03-10 11:37:36] INFO: 處理文件：/Users/simonsu/git_doc/Break-Points/src/../pages//64-index.md (idx: 1281-1300, 實際筆數: 20)
[2025-03-10 11:37:36] INFO: 完成文件：/Users/simonsu/git_doc/Break-Points/src/../pages//64-index.md
[2025-03-10 11:37:36] INFO: 處理文件：/Users/simonsu/git_doc/Break-Points/src/../pages//65-index.md (idx: 1301-1320, 實際筆數: 20)
[2025-03-10 11:37:36] INFO: 完成文件：/Users/simonsu/git_doc/Break-Points/src/../pages//65-index.md
[2025-03-10 11:37:36] INFO: 處理文件：/Users/simonsu/git_doc/Break-Points/src/../pages//66-index.md (idx: 1321-1340, 實際筆數: 20)
[2025-03-10 11:37:36] INFO: 完成文件：/Users/simonsu/git_doc/Break-Points/src/../pages//66-index.md
[2025-03-10 11:37:36] INFO: 處理文件：/Users/simonsu/git_doc/Break-Points/src/../pages//67-index.md (idx: 1341-1360, 實際筆數: 20)
[2025-03-10 11:37:36] INFO: 完成文件：/Users/simonsu/git_doc/Break-Points/src/../pages//67-index.md
[2025-03-10 11:37:36] INFO: 處理文件：/Users/simonsu/git_doc/Break-Points/src/../pages//68-index.md (idx: 1361-1380, 實際筆數: 20)
[2025-03-10 11:37:36] INFO: 完成文件：/Users/simonsu/git_doc/Break-Points/src/../pages//68-index.md
[2025-03-10 11:37:36] INFO: 處理文件：/Users/simonsu/git_doc/Break-Points/src/../pages//69-index.md (idx: 1381-1400, 實際筆數: 20)
[2025-03-10 11:37:36] INFO: 完成文件：/Users/simonsu/git_doc/Break-Points/src/../pages//69-index.md
[2025-03-10 11:37:36] INFO: 處理文件：/Users/simonsu/git_doc/Break-Points/src/../pages//70-index.md (idx: 1401-1420, 實際筆數: 20)
[2025-03-10 11:37:36] INFO: 完成文件：/Users/simonsu/git_doc/Break-Points/src/../pages//70-index.md
[2025-03-10 11:37:36] INFO: 處理文件：/Users/simonsu/git_doc/Break-Points/src/../pages//71-index.md (idx: 1421-1440, 實際筆數: 20)
[2025-03-10 11:37:36] INFO: 完成文件：/Users/simonsu/git_doc/Break-Points/src/../pages//71-index.md
[2025-03-10 11:37:36] INFO: 處理文件：/Users/simonsu/git_doc/Break-Points/src/../pages//72-index.md (idx: 1441-1460, 實際筆數: 20)
[2025-03-10 11:37:36] INFO: 完成文件：/Users/simonsu/git_doc/Break-Points/src/../pages//72-index.md
[2025-03-10 11:37:36] INFO: 處理文件：/Users/simonsu/git_doc/Break-Points/src/../pages//73-index.md (idx: 1461-1480, 實際筆數: 20)
[2025-03-10 11:37:36] INFO: 完成文件：/Users/simonsu/git_doc/Break-Points/src/../pages//73-index.md
[2025-03-10 11:37:36] INFO: 處理文件：/Users/simonsu/git_doc/Break-Points/src/../pages//74-index.md (idx: 1481-1500, 實際筆數: 20)
[2025-03-10 11:37:36] INFO: 完成文件：/Users/simonsu/git_doc/Break-Points/src/../pages//74-index.md
[2025-03-10 11:37:36] INFO: 處理文件：/Users/simonsu/git_doc/Break-Points/src/../pages//75-index.md (idx: 1501-1520, 實際筆數: 20)
[2025-03-10 11:37:36] INFO: 完成文件：/Users/simonsu/git_doc/Break-Points/src/../pages//75-index.md
[2025-03-10 11:37:36] INFO: 處理文件：/Users/simonsu/git_doc/Break-Points/src/../pages//76-index.md (idx: 1521-1540, 實際筆數: 20)
[2025-03-10 11:37:36] INFO: 完成文件：/Users/simonsu/git_doc/Break-Points/src/../pages//76-index.md
[2025-03-10 11:37:36] INFO: 處理文件：/Users/simonsu/git_doc/Break-Points/src/../pages//77-index.md (idx: 1541-1560, 實際筆數: 20)
[2025-03-10 11:37:36] INFO: 完成文件：/Users/simonsu/git_doc/Break-Points/src/../pages//77-index.md
[2025-03-10 11:37:36] INFO: 處理文件：/Users/simonsu/git_doc/Break-Points/src/../pages//78-index.md (idx: 1561-1580, 實際筆數: 20)
[2025-03-10 11:37:36] INFO: 完成文件：/Users/simonsu/git_doc/Break-Points/src/../pages//78-index.md
[2025-03-10 11:37:36] INFO: 處理文件：/Users/simonsu/git_doc/Break-Points/src/../pages//79-index.md (idx: 1581-1600, 實際筆數: 20)
[2025-03-10 11:37:36] INFO: 完成文件：/Users/simonsu/git_doc/Break-Points/src/../pages//79-index.md
[2025-03-10 11:37:36] INFO: 處理文件：/Users/simonsu/git_doc/Break-Points/src/../pages//80-index.md (idx: 1601-1620, 實際筆數: 20)
[2025-03-10 11:37:36] INFO: 完成文件：/Users/simonsu/git_doc/Break-Points/src/../pages//80-index.md
[2025-03-10 11:37:36] INFO: 處理文件：/Users/simonsu/git_doc/Break-Points/src/../pages//81-index.md (idx: 1621-1640, 實際筆數: 20)
[2025-03-10 11:37:36] INFO: 完成文件：/Users/simonsu/git_doc/Break-Points/src/../pages//81-index.md
[2025-03-10 11:37:36] INFO: 處理文件：/Users/simonsu/git_doc/Break-Points/src/../pages//82-index.md (idx: 1641-1660, 實際筆數: 20)
[2025-03-10 11:37:36] INFO: 完成文件：/Users/simonsu/git_doc/Break-Points/src/../pages//82-index.md
[2025-03-10 11:37:36] INFO: 處理文件：/Users/simonsu/git_doc/Break-Points/src/../pages//83-index.md (idx: 1661-1680, 實際筆數: 20)
[2025-03-10 11:37:36] INFO: 完成文件：/Users/simonsu/git_doc/Break-Points/src/../pages//83-index.md
[2025-03-10 11:37:36] INFO: 處理文件：/Users/simonsu/git_doc/Break-Points/src/../pages//84-index.md (idx: 1681-1700, 實際筆數: 20)
[2025-03-10 11:37:36] INFO: 完成文件：/Users/simonsu/git_doc/Break-Points/src/../pages//84-index.md
[2025-03-10 11:37:36] INFO: 處理文件：/Users/simonsu/git_doc/Break-Points/src/../pages//85-index.md (idx: 1701-1720, 實際筆數: 20)
[2025-03-10 11:37:36] INFO: 完成文件：/Users/simonsu/git_doc/Break-Points/src/../pages//85-index.md
[2025-03-10 11:37:36] INFO: 處理文件：/Users/simonsu/git_doc/Break-Points/src/../pages//86-index.md (idx: 1721-1740, 實際筆數: 20)
[2025-03-10 11:37:36] INFO: 完成文件：/Users/simonsu/git_doc/Break-Points/src/../pages//86-index.md
[2025-03-10 11:37:36] INFO: 處理文件：/Users/simonsu/git_doc/Break-Points/src/../pages//87-index.md (idx: 1741-1760, 實際筆數: 20)
[2025-03-10 11:37:36] INFO: 完成文件：/Users/simonsu/git_doc/Break-Points/src/../pages//87-index.md
[2025-03-10 11:37:36] INFO: 處理文件：/Users/simonsu/git_doc/Break-Points/src/../pages//88-index.md (idx: 1761-1780, 實際筆數: 20)
[2025-03-10 11:37:36] INFO: 完成文件：/Users/simonsu/git_doc/Break-Points/src/../pages//88-index.md
[2025-03-10 11:37:36] INFO: 處理文件：/Users/simonsu/git_doc/Break-Points/src/../pages//89-index.md (idx: 1781-1800, 實際筆數: 20)
[2025-03-10 11:37:36] INFO: 完成文件：/Users/simonsu/git_doc/Break-Points/src/../pages//89-index.md
[2025-03-10 11:37:36] INFO: 處理文件：/Users/simonsu/git_doc/Break-Points/src/../pages//90-index.md (idx: 1801-1820, 實際筆數: 20)
[2025-03-10 11:37:36] INFO: 完成文件：/Users/simonsu/git_doc/Break-Points/src/../pages//90-index.md
[2025-03-10 11:37:36] INFO: 處理文件：/Users/simonsu/git_doc/Break-Points/src/../pages//91-index.md (idx: 1821-1840, 實際筆數: 20)
[2025-03-10 11:37:36] INFO: 完成文件：/Users/simonsu/git_doc/Break-Points/src/../pages//91-index.md
[2025-03-10 11:37:36] INFO: 處理文件：/Users/simonsu/git_doc/Break-Points/src/../pages//92-index.md (idx: 1841-1860, 實際筆數: 20)
[2025-03-10 11:37:36] INFO: 完成文件：/Users/simonsu/git_doc/Break-Points/src/../pages//92-index.md
[2025-03-10 11:37:36] INFO: 處理文件：/Users/simonsu/git_doc/Break-Points/src/../pages//93-index.md (idx: 1861-1880, 實際筆數: 20)
[2025-03-10 11:37:36] INFO: 完成文件：/Users/simonsu/git_doc/Break-Points/src/../pages//93-index.md
[2025-03-10 11:37:36] INFO: 處理文件：/Users/simonsu/git_doc/Break-Points/src/../pages//94-index.md (idx: 1881-1900, 實際筆數: 20)
[2025-03-10 11:37:36] INFO: 完成文件：/Users/simonsu/git_doc/Break-Points/src/../pages//94-index.md
[2025-03-10 11:37:36] INFO: 處理文件：/Users/simonsu/git_doc/Break-Points/src/../pages//95-index.md (idx: 1901-1920, 實際筆數: 20)
[2025-03-10 11:37:36] INFO: 完成文件：/Users/simonsu/git_doc/Break-Points/src/../pages//95-index.md
[2025-03-10 11:37:36] INFO: 處理文件：/Users/simonsu/git_doc/Break-Points/src/../pages//96-index.md (idx: 1921-1940, 實際筆數: 20)
[2025-03-10 11:37:36] INFO: 完成文件：/Users/simonsu/git_doc/Break-Points/src/../pages//96-index.md
[2025-03-10 11:37:36] INFO: 處理文件：/Users/simonsu/git_doc/Break-Points/src/../pages//97-index.md (idx: 1941-1960, 實際筆數: 20)
[2025-03-10 11:37:36] INFO: 完成文件：/Users/simonsu/git_doc/Break-Points/src/../pages//97-index.md
[2025-03-10 11:37:36] INFO: 處理文件：/Users/simonsu/git_doc/Break-Points/src/../pages//98-index.md (idx: 1961-1980, 實際筆數: 20)
[2025-03-10 11:37:36] INFO: 完成文件：/Users/simonsu/git_doc/Break-Points/src/../pages//98-index.md
[2025-03-10 11:37:36] INFO: 處理文件：/Users/simonsu/git_doc/Break-Points/src/../pages//99-index.md (idx: 1981-2000, 實際筆數: 20)
[2025-03-10 11:37:36] INFO: 完成文件：/Users/simonsu/git_doc/Break-Points/src/../pages//99-index.md
[2025-03-10 11:37:36] INFO: 處理文件：/Users/simonsu/git_doc/Break-Points/src/../pages//100-index.md (idx: 2001-2020, 實際筆數: 20)
[2025-03-10 11:37:36] INFO: 完成文件：/Users/simonsu/git_doc/Break-Points/src/../pages//100-index.md
[2025-03-10 11:37:36] INFO: 處理文件：/Users/simonsu/git_doc/Break-Points/src/../pages//101-index.md (idx: 2021-2040, 實際筆數: 20)
[2025-03-10 11:37:36] INFO: 完成文件：/Users/simonsu/git_doc/Break-Points/src/../pages//101-index.md
[2025-03-10 11:37:36] INFO: 處理文件：/Users/simonsu/git_doc/Break-Points/src/../pages//102-index.md (idx: 2041-2060, 實際筆數: 20)
[2025-03-10 11:37:36] INFO: 完成文件：/Users/simonsu/git_doc/Break-Points/src/../pages//102-index.md
[2025-03-10 11:37:36] INFO: 處理文件：/Users/simonsu/git_doc/Break-Points/src/../pages//103-index.md (idx: 2061-2080, 實際筆數: 20)
[2025-03-10 11:37:36] INFO: 完成文件：/Users/simonsu/git_doc/Break-Points/src/../pages//103-index.md
[2025-03-10 11:37:36] INFO: 處理文件：/Users/simonsu/git_doc/Break-Points/src/../pages//104-index.md (idx: 2081-2100, 實際筆數: 20)
[2025-03-10 11:37:36] INFO: 完成文件：/Users/simonsu/git_doc/Break-Points/src/../pages//104-index.md
[2025-03-10 11:37:36] INFO: 處理文件：/Users/simonsu/git_doc/Break-Points/src/../pages//105-index.md (idx: 2101-2120, 實際筆數: 20)
[2025-03-10 11:37:36] INFO: 完成文件：/Users/simonsu/git_doc/Break-Points/src/../pages//105-index.md
[2025-03-10 11:37:36] INFO: 處理文件：/Users/simonsu/git_doc/Break-Points/src/../pages//106-index.md (idx: 2121-2140, 實際筆數: 20)
[2025-03-10 11:37:36] INFO: 完成文件：/Users/simonsu/git_doc/Break-Points/src/../pages//106-index.md
[2025-03-10 11:37:36] INFO: 處理文件：/Users/simonsu/git_doc/Break-Points/src/../pages//107-index.md (idx: 2141-2160, 實際筆數: 20)
[2025-03-10 11:37:36] INFO: 完成文件：/Users/simonsu/git_doc/Break-Points/src/../pages//107-index.md
[2025-03-10 11:37:36] INFO: 處理文件：/Users/simonsu/git_doc/Break-Points/src/../pages//108-index.md (idx: 2161-2180, 實際筆數: 20)
[2025-03-10 11:37:36] INFO: 完成文件：/Users/simonsu/git_doc/Break-Points/src/../pages//108-index.md
[2025-03-10 11:37:36] INFO: 處理文件：/Users/simonsu/git_doc/Break-Points/src/../pages//109-index.md (idx: 2181-2200, 實際筆數: 20)
[2025-03-10 11:37:36] INFO: 完成文件：/Users/simonsu/git_doc/Break-Points/src/../pages//109-index.md
[2025-03-10 11:37:36] INFO: 處理文件：/Users/simonsu/git_doc/Break-Points/src/../pages//110-index.md (idx: 2201-2220, 實際筆數: 20)
[2025-03-10 11:37:36] INFO: 完成文件：/Users/simonsu/git_doc/Break-Points/src/../pages//110-index.md
[2025-03-10 11:37:36] INFO: 處理文件：/Users/simonsu/git_doc/Break-Points/src/../pages//111-index.md (idx: 2221-2240, 實際筆數: 20)
[2025-03-10 11:37:36] INFO: 完成文件：/Users/simonsu/git_doc/Break-Points/src/../pages//111-index.md
[2025-03-10 11:37:36] INFO: 處理文件：/Users/simonsu/git_doc/Break-Points/src/../pages//112-index.md (idx: 2241-2260, 實際筆數: 20)
[2025-03-10 11:37:36] INFO: 完成文件：/Users/simonsu/git_doc/Break-Points/src/../pages//112-index.md
[2025-03-10 11:37:36] INFO: 處理文件：/Users/simonsu/git_doc/Break-Points/src/../pages//113-index.md (idx: 2261-2280, 實際筆數: 20)
[2025-03-10 11:37:36] INFO: 完成文件：/Users/simonsu/git_doc/Break-Points/src/../pages//113-index.md
[2025-03-10 11:37:36] INFO: 處理文件：/Users/simonsu/git_doc/Break-Points/src/../pages//114-index.md (idx: 2281-2300, 實際筆數: 20)
[2025-03-10 11:37:36] INFO: 完成文件：/Users/simonsu/git_doc/Break-Points/src/../pages//114-index.md
[2025-03-10 11:37:36] INFO: 處理文件：/Users/simonsu/git_doc/Break-Points/src/../pages//115-index.md (idx: 2301-2320, 實際筆數: 20)
[2025-03-10 11:37:36] INFO: 完成文件：/Users/simonsu/git_doc/Break-Points/src/../pages//115-index.md
[2025-03-10 11:37:36] INFO: 處理文件：/Users/simonsu/git_doc/Break-Points/src/../pages//116-index.md (idx: 2321-2340, 實際筆數: 20)
[2025-03-10 11:37:36] INFO: 完成文件：/Users/simonsu/git_doc/Break-Points/src/../pages//116-index.md
[2025-03-10 11:37:36] INFO: 處理文件：/Users/simonsu/git_doc/Break-Points/src/../pages//117-index.md (idx: 2341-2360, 實際筆數: 20)
[2025-03-10 11:37:36] INFO: 完成文件：/Users/simonsu/git_doc/Break-Points/src/../pages//117-index.md
[2025-03-10 11:37:36] INFO: 處理文件：/Users/simonsu/git_doc/Break-Points/src/../pages//118-index.md (idx: 2361-2380, 實際筆數: 20)
[2025-03-10 11:37:36] INFO: 完成文件：/Users/simonsu/git_doc/Break-Points/src/../pages//118-index.md
[2025-03-10 11:37:36] INFO: 處理文件：/Users/simonsu/git_doc/Break-Points/src/../pages//119-index.md (idx: 2381-2400, 實際筆數: 20)
[2025-03-10 11:37:36] INFO: 完成文件：/Users/simonsu/git_doc/Break-Points/src/../pages//119-index.md
[2025-03-10 11:37:36] INFO: 處理文件：/Users/simonsu/git_doc/Break-Points/src/../pages//120-index.md (idx: 2401-2420, 實際筆數: 20)
[2025-03-10 11:37:36] INFO: 完成文件：/Users/simonsu/git_doc/Break-Points/src/../pages//120-index.md
[2025-03-10 11:37:36] INFO: 處理文件：/Users/simonsu/git_doc/Break-Points/src/../pages//121-index.md (idx: 2421-2440, 實際筆數: 20)
[2025-03-10 11:37:36] INFO: 完成文件：/Users/simonsu/git_doc/Break-Points/src/../pages//121-index.md
[2025-03-10 11:37:36] INFO: 處理文件：/Users/simonsu/git_doc/Break-Points/src/../pages//122-index.md (idx: 2441-2460, 實際筆數: 20)
[2025-03-10 11:37:36] INFO: 完成文件：/Users/simonsu/git_doc/Break-Points/src/../pages//122-index.md
[2025-03-10 11:37:36] INFO: 處理文件：/Users/simonsu/git_doc/Break-Points/src/../pages//123-index.md (idx: 2461-2480, 實際筆數: 20)
[2025-03-10 11:37:36] INFO: 完成文件：/Users/simonsu/git_doc/Break-Points/src/../pages//123-index.md
[2025-03-10 11:37:36] INFO: 處理文件：/Users/simonsu/git_doc/Break-Points/src/../pages//124-index.md (idx: 2481-2500, 實際筆數: 20)
[2025-03-10 11:37:36] INFO: 完成文件：/Users/simonsu/git_doc/Break-Points/src/../pages//124-index.md
[2025-03-10 11:37:36] INFO: 處理文件：/Users/simonsu/git_doc/Break-Points/src/../pages//125-index.md (idx: 2501-2520, 實際筆數: 20)
[2025-03-10 11:37:36] INFO: 完成文件：/Users/simonsu/git_doc/Break-Points/src/../pages//125-index.md
[2025-03-10 11:37:36] INFO: 處理文件：/Users/simonsu/git_doc/Break-Points/src/../pages//126-index.md (idx: 2521-2540, 實際筆數: 20)
[2025-03-10 11:37:36] INFO: 完成文件：/Users/simonsu/git_doc/Break-Points/src/../pages//126-index.md
[2025-03-10 11:37:36] INFO: 處理文件：/Users/simonsu/git_doc/Break-Points/src/../pages//127-index.md (idx: 2541-2560, 實際筆數: 20)
[2025-03-10 11:37:36] INFO: 完成文件：/Users/simonsu/git_doc/Break-Points/src/../pages//127-index.md
[2025-03-10 11:37:36] INFO: 處理文件：/Users/simonsu/git_doc/Break-Points/src/../pages//128-index.md (idx: 2561-2580, 實際筆數: 20)
[2025-03-10 11:37:36] INFO: 完成文件：/Users/simonsu/git_doc/Break-Points/src/../pages//128-index.md
[2025-03-10 11:37:36] INFO: 處理文件：/Users/simonsu/git_doc/Break-Points/src/../pages//129-index.md (idx: 2581-2600, 實際筆數: 20)
[2025-03-10 11:37:36] INFO: 完成文件：/Users/simonsu/git_doc/Break-Points/src/../pages//129-index.md
[2025-03-10 11:37:36] INFO: 處理文件：/Users/simonsu/git_doc/Break-Points/src/../pages//130-index.md (idx: 2601-2620, 實際筆數: 20)
[2025-03-10 11:37:36] INFO: 完成文件：/Users/simonsu/git_doc/Break-Points/src/../pages//130-index.md
[2025-03-10 11:37:36] INFO: 處理文件：/Users/simonsu/git_doc/Break-Points/src/../pages//131-index.md (idx: 2621-2640, 實際筆數: 20)
[2025-03-10 11:37:36] INFO: 完成文件：/Users/simonsu/git_doc/Break-Points/src/../pages//131-index.md
[2025-03-10 11:37:36] INFO: 處理文件：/Users/simonsu/git_doc/Break-Points/src/../pages//132-index.md (idx: 2641-2660, 實際筆數: 20)
[2025-03-10 11:37:36] INFO: 完成文件：/Users/simonsu/git_doc/Break-Points/src/../pages//132-index.md
[2025-03-10 11:37:36] INFO: 處理文件：/Users/simonsu/git_doc/Break-Points/src/../pages//133-index.md (idx: 2661-2680, 實際筆數: 20)
[2025-03-10 11:37:36] INFO: 完成文件：/Users/simonsu/git_doc/Break-Points/src/../pages//133-index.md
[2025-03-10 11:37:36] INFO: 處理文件：/Users/simonsu/git_doc/Break-Points/src/../pages//134-index.md (idx: 2681-2700, 實際筆數: 20)
[2025-03-10 11:37:36] INFO: 完成文件：/Users/simonsu/git_doc/Break-Points/src/../pages//134-index.md
[2025-03-10 11:37:36] INFO: 處理文件：/Users/simonsu/git_doc/Break-Points/src/../pages//135-index.md (idx: 2701-2720, 實際筆數: 20)
[2025-03-10 11:37:36] INFO: 完成文件：/Users/simonsu/git_doc/Break-Points/src/../pages//135-index.md
[2025-03-10 11:37:36] INFO: 處理文件：/Users/simonsu/git_doc/Break-Points/src/../pages//136-index.md (idx: 2721-2740, 實際筆數: 20)
[2025-03-10 11:37:36] INFO: 完成文件：/Users/simonsu/git_doc/Break-Points/src/../pages//136-index.md
[2025-03-10 11:37:36] INFO: 處理文件：/Users/simonsu/git_doc/Break-Points/src/../pages//137-index.md (idx: 2741-2760, 實際筆數: 20)
[2025-03-10 11:37:36] INFO: 完成文件：/Users/simonsu/git_doc/Break-Points/src/../pages//137-index.md
[2025-03-10 11:37:36] INFO: 處理文件：/Users/simonsu/git_doc/Break-Points/src/../pages//138-index.md (idx: 2761-2780, 實際筆數: 20)
[2025-03-10 11:37:36] INFO: 完成文件：/Users/simonsu/git_doc/Break-Points/src/../pages//138-index.md
[2025-03-10 11:37:36] INFO: 處理文件：/Users/simonsu/git_doc/Break-Points/src/../pages//139-index.md (idx: 2781-2800, 實際筆數: 20)
[2025-03-10 11:37:36] INFO: 完成文件：/Users/simonsu/git_doc/Break-Points/src/../pages//139-index.md
[2025-03-10 11:37:36] INFO: 處理文件：/Users/simonsu/git_doc/Break-Points/src/../pages//140-index.md (idx: 2801-2820, 實際筆數: 20)
[2025-03-10 11:37:36] INFO: 完成文件：/Users/simonsu/git_doc/Break-Points/src/../pages//140-index.md
[2025-03-10 11:37:36] INFO: 處理文件：/Users/simonsu/git_doc/Break-Points/src/../pages//141-index.md (idx: 2821-2840, 實際筆數: 20)
[2025-03-10 11:37:36] INFO: 完成文件：/Users/simonsu/git_doc/Break-Points/src/../pages//141-index.md
[2025-03-10 11:37:36] INFO: 處理文件：/Users/simonsu/git_doc/Break-Points/src/../pages//142-index.md (idx: 2841-2860, 實際筆數: 20)
[2025-03-10 11:37:36] INFO: 完成文件：/Users/simonsu/git_doc/Break-Points/src/../pages//142-index.md
[2025-03-10 11:37:36] INFO: 處理文件：/Users/simonsu/git_doc/Break-Points/src/../pages//143-index.md (idx: 2861-2880, 實際筆數: 20)
[2025-03-10 11:37:36] INFO: 完成文件：/Users/simonsu/git_doc/Break-Points/src/../pages//143-index.md
[2025-03-10 11:37:36] INFO: 處理文件：/Users/simonsu/git_doc/Break-Points/src/../pages//144-index.md (idx: 2881-2900, 實際筆數: 20)
[2025-03-10 11:37:36] INFO: 完成文件：/Users/simonsu/git_doc/Break-Points/src/../pages//144-index.md
[2025-03-10 11:37:36] INFO: 處理文件：/Users/simonsu/git_doc/Break-Points/src/../pages//145-index.md (idx: 2901-2920, 實際筆數: 20)
[2025-03-10 11:37:36] INFO: 完成文件：/Users/simonsu/git_doc/Break-Points/src/../pages//145-index.md
[2025-03-10 11:37:36] INFO: 處理文件：/Users/simonsu/git_doc/Break-Points/src/../pages//146-index.md (idx: 2921-2940, 實際筆數: 20)
[2025-03-10 11:37:36] INFO: 完成文件：/Users/simonsu/git_doc/Break-Points/src/../pages//146-index.md
[2025-03-10 11:37:36] INFO: 處理文件：/Users/simonsu/git_doc/Break-Points/src/../pages//147-index.md (idx: 2941-2960, 實際筆數: 20)
[2025-03-10 11:37:36] INFO: 完成文件：/Users/simonsu/git_doc/Break-Points/src/../pages//147-index.md
[2025-03-10 11:37:36] INFO: 處理文件：/Users/simonsu/git_doc/Break-Points/src/../pages//148-index.md (idx: 2961-2980, 實際筆數: 20)
[2025-03-10 11:37:36] INFO: 完成文件：/Users/simonsu/git_doc/Break-Points/src/../pages//148-index.md
[2025-03-10 11:37:36] INFO: 處理文件：/Users/simonsu/git_doc/Break-Points/src/../pages//149-index.md (idx: 2981-3000, 實際筆數: 20)
[2025-03-10 11:37:36] INFO: 完成文件：/Users/simonsu/git_doc/Break-Points/src/../pages//149-index.md
[2025-03-10 11:37:36] INFO: 處理文件：/Users/simonsu/git_doc/Break-Points/src/../pages//150-index.md (idx: 3001-3020, 實際筆數: 20)
[2025-03-10 11:37:36] INFO: 完成文件：/Users/simonsu/git_doc/Break-Points/src/../pages//150-index.md
[2025-03-10 11:37:36] INFO: 處理文件：/Users/simonsu/git_doc/Break-Points/src/../pages//151-index.md (idx: 3021-3040, 實際筆數: 20)
[2025-03-10 11:37:36] INFO: 完成文件：/Users/simonsu/git_doc/Break-Points/src/../pages//151-index.md
[2025-03-10 11:37:36] INFO: 處理文件：/Users/simonsu/git_doc/Break-Points/src/../pages//152-index.md (idx: 3041-3060, 實際筆數: 20)
[2025-03-10 11:37:36] INFO: 完成文件：/Users/simonsu/git_doc/Break-Points/src/../pages//152-index.md
[2025-03-10 11:37:36] INFO: 處理文件：/Users/simonsu/git_doc/Break-Points/src/../pages//153-index.md (idx: 3061-3080, 實際筆數: 20)
[2025-03-10 11:37:36] INFO: 完成文件：/Users/simonsu/git_doc/Break-Points/src/../pages//153-index.md
[2025-03-10 11:37:36] INFO: 處理文件：/Users/simonsu/git_doc/Break-Points/src/../pages//154-index.md (idx: 3081-3100, 實際筆數: 20)
[2025-03-10 11:37:36] INFO: 完成文件：/Users/simonsu/git_doc/Break-Points/src/../pages//154-index.md
[2025-03-10 11:37:36] INFO: 處理文件：/Users/simonsu/git_doc/Break-Points/src/../pages//155-index.md (idx: 3101-3120, 實際筆數: 20)
[2025-03-10 11:37:36] INFO: 完成文件：/Users/simonsu/git_doc/Break-Points/src/../pages//155-index.md
[2025-03-10 11:37:36] INFO: 處理文件：/Users/simonsu/git_doc/Break-Points/src/../pages//156-index.md (idx: 3121-3140, 實際筆數: 20)
[2025-03-10 11:37:36] INFO: 完成文件：/Users/simonsu/git_doc/Break-Points/src/../pages//156-index.md
[2025-03-10 11:37:36] INFO: 處理文件：/Users/simonsu/git_doc/Break-Points/src/../pages//157-index.md (idx: 3141-3160, 實際筆數: 20)
[2025-03-10 11:37:36] INFO: 完成文件：/Users/simonsu/git_doc/Break-Points/src/../pages//157-index.md
[2025-03-10 11:37:36] INFO: 處理文件：/Users/simonsu/git_doc/Break-Points/src/../pages//158-index.md (idx: 3161-3180, 實際筆數: 20)
[2025-03-10 11:37:36] INFO: 完成文件：/Users/simonsu/git_doc/Break-Points/src/../pages//158-index.md
[2025-03-10 11:37:36] INFO: 處理文件：/Users/simonsu/git_doc/Break-Points/src/../pages//159-index.md (idx: 3181-3200, 實際筆數: 20)
[2025-03-10 11:37:36] INFO: 完成文件：/Users/simonsu/git_doc/Break-Points/src/../pages//159-index.md
[2025-03-10 11:37:36] INFO: 處理文件：/Users/simonsu/git_doc/Break-Points/src/../pages//160-index.md (idx: 3201-3220, 實際筆數: 20)
[2025-03-10 11:37:36] INFO: 完成文件：/Users/simonsu/git_doc/Break-Points/src/../pages//160-index.md
[2025-03-10 11:37:36] INFO: 處理文件：/Users/simonsu/git_doc/Break-Points/src/../pages//161-index.md (idx: 3221-3240, 實際筆數: 20)
[2025-03-10 11:37:36] INFO: 完成文件：/Users/simonsu/git_doc/Break-Points/src/../pages//161-index.md
[2025-03-10 11:37:36] INFO: 處理文件：/Users/simonsu/git_doc/Break-Points/src/../pages//162-index.md (idx: 3241-3260, 實際筆數: 20)
[2025-03-10 11:37:36] INFO: 完成文件：/Users/simonsu/git_doc/Break-Points/src/../pages//162-index.md
[2025-03-10 11:37:36] INFO: 處理文件：/Users/simonsu/git_doc/Break-Points/src/../pages//163-index.md (idx: 3261-3280, 實際筆數: 20)
[2025-03-10 11:37:36] INFO: 完成文件：/Users/simonsu/git_doc/Break-Points/src/../pages//163-index.md
[2025-03-10 11:37:36] INFO: 處理文件：/Users/simonsu/git_doc/Break-Points/src/../pages//164-index.md (idx: 3281-3300, 實際筆數: 20)
[2025-03-10 11:37:36] INFO: 完成文件：/Users/simonsu/git_doc/Break-Points/src/../pages//164-index.md
[2025-03-10 11:37:36] INFO: 處理文件：/Users/simonsu/git_doc/Break-Points/src/../pages//165-index.md (idx: 3301-3320, 實際筆數: 20)
[2025-03-10 11:37:36] INFO: 完成文件：/Users/simonsu/git_doc/Break-Points/src/../pages//165-index.md
[2025-03-10 11:37:36] INFO: 處理文件：/Users/simonsu/git_doc/Break-Points/src/../pages//166-index.md (idx: 3321-3340, 實際筆數: 20)
[2025-03-10 11:37:36] INFO: 完成文件：/Users/simonsu/git_doc/Break-Points/src/../pages//166-index.md
[2025-03-10 11:37:36] INFO: 處理文件：/Users/simonsu/git_doc/Break-Points/src/../pages//167-index.md (idx: 3341-3360, 實際筆數: 20)
[2025-03-10 11:37:36] INFO: 完成文件：/Users/simonsu/git_doc/Break-Points/src/../pages//167-index.md
[2025-03-10 11:37:36] INFO: 處理文件：/Users/simonsu/git_doc/Break-Points/src/../pages//168-index.md (idx: 3361-3380, 實際筆數: 20)
[2025-03-10 11:37:36] INFO: 完成文件：/Users/simonsu/git_doc/Break-Points/src/../pages//168-index.md
[2025-03-10 11:37:36] INFO: 處理文件：/Users/simonsu/git_doc/Break-Points/src/../pages//169-index.md (idx: 3381-3400, 實際筆數: 20)
[2025-03-10 11:37:36] INFO: 完成文件：/Users/simonsu/git_doc/Break-Points/src/../pages//169-index.md
[2025-03-10 11:37:36] INFO: 處理文件：/Users/simonsu/git_doc/Break-Points/src/../pages//170-index.md (idx: 3401-3420, 實際筆數: 20)
[2025-03-10 11:37:36] INFO: 完成文件：/Users/simonsu/git_doc/Break-Points/src/../pages//170-index.md
[2025-03-10 11:37:36] INFO: 處理文件：/Users/simonsu/git_doc/Break-Points/src/../pages//171-index.md (idx: 3421-3440, 實際筆數: 20)
[2025-03-10 11:37:36] INFO: 完成文件：/Users/simonsu/git_doc/Break-Points/src/../pages//171-index.md
[2025-03-10 11:37:36] INFO: 處理文件：/Users/simonsu/git_doc/Break-Points/src/../pages//172-index.md (idx: 3441-3460, 實際筆數: 20)
[2025-03-10 11:37:36] INFO: 完成文件：/Users/simonsu/git_doc/Break-Points/src/../pages//172-index.md
[2025-03-10 11:37:36] INFO: 處理文件：/Users/simonsu/git_doc/Break-Points/src/../pages//173-index.md (idx: 3461-3480, 實際筆數: 20)
[2025-03-10 11:37:36] INFO: 完成文件：/Users/simonsu/git_doc/Break-Points/src/../pages//173-index.md
[2025-03-10 11:37:36] INFO: 處理文件：/Users/simonsu/git_doc/Break-Points/src/../pages//174-index.md (idx: 3481-3500, 實際筆數: 20)
[2025-03-10 11:37:36] INFO: 完成文件：/Users/simonsu/git_doc/Break-Points/src/../pages//174-index.md
[2025-03-10 11:37:36] INFO: 處理文件：/Users/simonsu/git_doc/Break-Points/src/../pages//175-index.md (idx: 3501-3520, 實際筆數: 20)
[2025-03-10 11:37:36] INFO: 完成文件：/Users/simonsu/git_doc/Break-Points/src/../pages//175-index.md
[2025-03-10 11:37:36] INFO: 處理文件：/Users/simonsu/git_doc/Break-Points/src/../pages//176-index.md (idx: 3521-3540, 實際筆數: 20)
[2025-03-10 11:37:36] INFO: 完成文件：/Users/simonsu/git_doc/Break-Points/src/../pages//176-index.md
[2025-03-10 11:37:36] INFO: 處理文件：/Users/simonsu/git_doc/Break-Points/src/../pages//177-index.md (idx: 3541-3560, 實際筆數: 20)
[2025-03-10 11:37:36] INFO: 完成文件：/Users/simonsu/git_doc/Break-Points/src/../pages//177-index.md
[2025-03-10 11:37:36] INFO: 處理文件：/Users/simonsu/git_doc/Break-Points/src/../pages//178-index.md (idx: 3561-3580, 實際筆數: 20)
[2025-03-10 11:37:36] INFO: 完成文件：/Users/simonsu/git_doc/Break-Points/src/../pages//178-index.md
[2025-03-10 11:37:36] INFO: 處理文件：/Users/simonsu/git_doc/Break-Points/src/../pages//179-index.md (idx: 3581-3600, 實際筆數: 20)
[2025-03-10 11:37:36] INFO: 完成文件：/Users/simonsu/git_doc/Break-Points/src/../pages//179-index.md
[2025-03-10 11:37:36] INFO: 處理文件：/Users/simonsu/git_doc/Break-Points/src/../pages//180-index.md (idx: 3601-3620, 實際筆數: 20)
[2025-03-10 11:37:36] INFO: 完成文件：/Users/simonsu/git_doc/Break-Points/src/../pages//180-index.md
[2025-03-10 11:37:36] INFO: 處理文件：/Users/simonsu/git_doc/Break-Points/src/../pages//181-index.md (idx: 3621-3640, 實際筆數: 20)
[2025-03-10 11:37:36] INFO: 完成文件：/Users/simonsu/git_doc/Break-Points/src/../pages//181-index.md
[2025-03-10 11:37:36] INFO: 處理文件：/Users/simonsu/git_doc/Break-Points/src/../pages//182-index.md (idx: 3641-3660, 實際筆數: 20)
[2025-03-10 11:37:36] INFO: 完成文件：/Users/simonsu/git_doc/Break-Points/src/../pages//182-index.md
[2025-03-10 11:37:36] INFO: 處理文件：/Users/simonsu/git_doc/Break-Points/src/../pages//183-index.md (idx: 3661-3680, 實際筆數: 20)
[2025-03-10 11:37:36] INFO: 完成文件：/Users/simonsu/git_doc/Break-Points/src/../pages//183-index.md
[2025-03-10 11:37:36] INFO: 處理文件：/Users/simonsu/git_doc/Break-Points/src/../pages//184-index.md (idx: 3681-3700, 實際筆數: 20)
[2025-03-10 11:37:36] INFO: 完成文件：/Users/simonsu/git_doc/Break-Points/src/../pages//184-index.md
[2025-03-10 11:37:36] INFO: 處理文件：/Users/simonsu/git_doc/Break-Points/src/../pages//185-index.md (idx: 3701-3720, 實際筆數: 20)
[2025-03-10 11:37:36] INFO: 完成文件：/Users/simonsu/git_doc/Break-Points/src/../pages//185-index.md
[2025-03-10 11:37:36] INFO: 處理文件：/Users/simonsu/git_doc/Break-Points/src/../pages//186-index.md (idx: 3721-3740, 實際筆數: 20)
[2025-03-10 11:37:36] INFO: 完成文件：/Users/simonsu/git_doc/Break-Points/src/../pages//186-index.md
[2025-03-10 11:37:36] INFO: 處理文件：/Users/simonsu/git_doc/Break-Points/src/../pages//187-index.md (idx: 3741-3760, 實際筆數: 20)
[2025-03-10 11:37:36] INFO: 完成文件：/Users/simonsu/git_doc/Break-Points/src/../pages//187-index.md
[2025-03-10 11:37:36] INFO: 處理文件：/Users/simonsu/git_doc/Break-Points/src/../pages//188-index.md (idx: 3761-3780, 實際筆數: 20)
[2025-03-10 11:37:36] INFO: 完成文件：/Users/simonsu/git_doc/Break-Points/src/../pages//188-index.md
[2025-03-10 11:37:36] INFO: 處理文件：/Users/simonsu/git_doc/Break-Points/src/../pages//189-index.md (idx: 3781-3800, 實際筆數: 20)
[2025-03-10 11:37:36] INFO: 完成文件：/Users/simonsu/git_doc/Break-Points/src/../pages//189-index.md
[2025-03-10 11:37:36] INFO: 處理文件：/Users/simonsu/git_doc/Break-Points/src/../pages//190-index.md (idx: 3801-3820, 實際筆數: 20)
[2025-03-10 11:37:36] INFO: 完成文件：/Users/simonsu/git_doc/Break-Points/src/../pages//190-index.md
[2025-03-10 11:37:36] INFO: 處理文件：/Users/simonsu/git_doc/Break-Points/src/../pages//191-index.md (idx: 3821-3840, 實際筆數: 20)
[2025-03-10 11:37:36] INFO: 完成文件：/Users/simonsu/git_doc/Break-Points/src/../pages//191-index.md
[2025-03-10 11:37:36] INFO: 處理文件：/Users/simonsu/git_doc/Break-Points/src/../pages//192-index.md (idx: 3841-3860, 實際筆數: 20)
[2025-03-10 11:37:36] INFO: 完成文件：/Users/simonsu/git_doc/Break-Points/src/../pages//192-index.md
[2025-03-10 11:37:36] INFO: 處理文件：/Users/simonsu/git_doc/Break-Points/src/../pages//193-index.md (idx: 3861-3880, 實際筆數: 20)
[2025-03-10 11:37:36] INFO: 完成文件：/Users/simonsu/git_doc/Break-Points/src/../pages//193-index.md
[2025-03-10 11:37:36] INFO: 處理文件：/Users/simonsu/git_doc/Break-Points/src/../pages//194-index.md (idx: 3881-3900, 實際筆數: 20)
[2025-03-10 11:37:36] INFO: 完成文件：/Users/simonsu/git_doc/Break-Points/src/../pages//194-index.md
[2025-03-10 11:37:36] INFO: 處理文件：/Users/simonsu/git_doc/Break-Points/src/../pages//195-index.md (idx: 3901-3920, 實際筆數: 20)
[2025-03-10 11:37:36] INFO: 完成文件：/Users/simonsu/git_doc/Break-Points/src/../pages//195-index.md
[2025-03-10 11:37:36] INFO: 處理文件：/Users/simonsu/git_doc/Break-Points/src/../pages//196-index.md (idx: 3921-3940, 實際筆數: 20)
[2025-03-10 11:37:36] INFO: 完成文件：/Users/simonsu/git_doc/Break-Points/src/../pages//196-index.md
[2025-03-10 11:37:36] INFO: 處理文件：/Users/simonsu/git_doc/Break-Points/src/../pages//197-index.md (idx: 3941-3960, 實際筆數: 20)
[2025-03-10 11:37:36] INFO: 完成文件：/Users/simonsu/git_doc/Break-Points/src/../pages//197-index.md
[2025-03-10 11:37:36] INFO: 處理文件：/Users/simonsu/git_doc/Break-Points/src/../pages//198-index.md (idx: 3961-3980, 實際筆數: 20)
[2025-03-10 11:37:36] INFO: 完成文件：/Users/simonsu/git_doc/Break-Points/src/../pages//198-index.md
[2025-03-10 11:37:36] INFO: 處理文件：/Users/simonsu/git_doc/Break-Points/src/../pages//199-index.md (idx: 3981-4000, 實際筆數: 20)
[2025-03-10 11:37:36] INFO: 完成文件：/Users/simonsu/git_doc/Break-Points/src/../pages//199-index.md
[2025-03-10 11:37:36] INFO: 處理文件：/Users/simonsu/git_doc/Break-Points/src/../pages//200-index.md (idx: 4001-4020, 實際筆數: 20)
[2025-03-10 11:37:36] INFO: 完成文件：/Users/simonsu/git_doc/Break-Points/src/../pages//200-index.md
[2025-03-10 11:37:36] INFO: 處理文件：/Users/simonsu/git_doc/Break-Points/src/../pages//201-index.md (idx: 4021-4040, 實際筆數: 20)
[2025-03-10 11:37:36] INFO: 完成文件：/Users/simonsu/git_doc/Break-Points/src/../pages//201-index.md
[2025-03-10 11:37:36] INFO: 處理文件：/Users/simonsu/git_doc/Break-Points/src/../pages//202-index.md (idx: 4041-4060, 實際筆數: 20)
[2025-03-10 11:37:36] INFO: 完成文件：/Users/simonsu/git_doc/Break-Points/src/../pages//202-index.md
[2025-03-10 11:37:36] INFO: 處理文件：/Users/simonsu/git_doc/Break-Points/src/../pages//203-index.md (idx: 4061-4080, 實際筆數: 20)
[2025-03-10 11:37:36] INFO: 完成文件：/Users/simonsu/git_doc/Break-Points/src/../pages//203-index.md
[2025-03-10 11:37:36] INFO: 處理文件：/Users/simonsu/git_doc/Break-Points/src/../pages//204-index.md (idx: 4081-4100, 實際筆數: 20)
[2025-03-10 11:37:36] INFO: 完成文件：/Users/simonsu/git_doc/Break-Points/src/../pages//204-index.md
[2025-03-10 11:37:36] INFO: 處理文件：/Users/simonsu/git_doc/Break-Points/src/../pages//205-index.md (idx: 4101-4120, 實際筆數: 20)
[2025-03-10 11:37:36] INFO: 完成文件：/Users/simonsu/git_doc/Break-Points/src/../pages//205-index.md
[2025-03-10 11:37:36] INFO: 處理文件：/Users/simonsu/git_doc/Break-Points/src/../pages//206-index.md (idx: 4121-4140, 實際筆數: 20)
[2025-03-10 11:37:36] INFO: 完成文件：/Users/simonsu/git_doc/Break-Points/src/../pages//206-index.md
[2025-03-10 11:37:36] INFO: 處理文件：/Users/simonsu/git_doc/Break-Points/src/../pages//207-index.md (idx: 4141-4160, 實際筆數: 20)
[2025-03-10 11:37:36] INFO: 完成文件：/Users/simonsu/git_doc/Break-Points/src/../pages//207-index.md
[2025-03-10 11:37:36] INFO: 處理文件：/Users/simonsu/git_doc/Break-Points/src/../pages//208-index.md (idx: 4161-4180, 實際筆數: 20)
[2025-03-10 11:37:36] INFO: 完成文件：/Users/simonsu/git_doc/Break-Points/src/../pages//208-index.md
[2025-03-10 11:37:36] INFO: 處理文件：/Users/simonsu/git_doc/Break-Points/src/../pages//209-index.md (idx: 4181-4200, 實際筆數: 20)
[2025-03-10 11:37:36] INFO: 完成文件：/Users/simonsu/git_doc/Break-Points/src/../pages//209-index.md
[2025-03-10 11:37:36] INFO: 處理文件：/Users/simonsu/git_doc/Break-Points/src/../pages//210-index.md (idx: 4201-4220, 實際筆數: 20)
[2025-03-10 11:37:36] INFO: 完成文件：/Users/simonsu/git_doc/Break-Points/src/../pages//210-index.md
[2025-03-10 11:37:36] INFO: 處理文件：/Users/simonsu/git_doc/Break-Points/src/../pages//211-index.md (idx: 4221-4240, 實際筆數: 20)
[2025-03-10 11:37:36] INFO: 完成文件：/Users/simonsu/git_doc/Break-Points/src/../pages//211-index.md
[2025-03-10 11:37:36] INFO: 處理文件：/Users/simonsu/git_doc/Break-Points/src/../pages//212-index.md (idx: 4241-4260, 實際筆數: 20)
[2025-03-10 11:37:36] INFO: 完成文件：/Users/simonsu/git_doc/Break-Points/src/../pages//212-index.md
[2025-03-10 11:37:36] INFO: 處理文件：/Users/simonsu/git_doc/Break-Points/src/../pages//213-index.md (idx: 4261-4280, 實際筆數: 20)
[2025-03-10 11:37:36] INFO: 完成文件：/Users/simonsu/git_doc/Break-Points/src/../pages//213-index.md
[2025-03-10 11:37:36] INFO: 處理文件：/Users/simonsu/git_doc/Break-Points/src/../pages//214-index.md (idx: 4281-4300, 實際筆數: 20)
[2025-03-10 11:37:36] INFO: 完成文件：/Users/simonsu/git_doc/Break-Points/src/../pages//214-index.md
[2025-03-10 11:37:36] INFO: 處理文件：/Users/simonsu/git_doc/Break-Points/src/../pages//215-index.md (idx: 4301-4320, 實際筆數: 20)
[2025-03-10 11:37:36] INFO: 完成文件：/Users/simonsu/git_doc/Break-Points/src/../pages//215-index.md
[2025-03-10 11:37:36] INFO: 處理文件：/Users/simonsu/git_doc/Break-Points/src/../pages//216-index.md (idx: 4321-4340, 實際筆數: 20)
[2025-03-10 11:37:36] INFO: 完成文件：/Users/simonsu/git_doc/Break-Points/src/../pages//216-index.md
[2025-03-10 11:37:36] INFO: 處理文件：/Users/simonsu/git_doc/Break-Points/src/../pages//217-index.md (idx: 4341-4360, 實際筆數: 20)
[2025-03-10 11:37:36] INFO: 完成文件：/Users/simonsu/git_doc/Break-Points/src/../pages//217-index.md
[2025-03-10 11:37:36] INFO: 處理文件：/Users/simonsu/git_doc/Break-Points/src/../pages//218-index.md (idx: 4361-4380, 實際筆數: 20)
[2025-03-10 11:37:36] INFO: 完成文件：/Users/simonsu/git_doc/Break-Points/src/../pages//218-index.md
[2025-03-10 11:37:36] INFO: 處理文件：/Users/simonsu/git_doc/Break-Points/src/../pages//219-index.md (idx: 4381-4400, 實際筆數: 20)
[2025-03-10 11:37:36] INFO: 完成文件：/Users/simonsu/git_doc/Break-Points/src/../pages//219-index.md
[2025-03-10 11:37:36] INFO: 處理文件：/Users/simonsu/git_doc/Break-Points/src/../pages//220-index.md (idx: 4401-4420, 實際筆數: 20)
[2025-03-10 11:37:36] INFO: 完成文件：/Users/simonsu/git_doc/Break-Points/src/../pages//220-index.md
[2025-03-10 11:37:36] INFO: 處理文件：/Users/simonsu/git_doc/Break-Points/src/../pages//221-index.md (idx: 4421-4440, 實際筆數: 20)
[2025-03-10 11:37:36] INFO: 完成文件：/Users/simonsu/git_doc/Break-Points/src/../pages//221-index.md
[2025-03-10 11:37:36] INFO: 處理文件：/Users/simonsu/git_doc/Break-Points/src/../pages//222-index.md (idx: 4441-4460, 實際筆數: 20)
[2025-03-10 11:37:36] INFO: 完成文件：/Users/simonsu/git_doc/Break-Points/src/../pages//222-index.md
[2025-03-10 11:37:36] INFO: 處理文件：/Users/simonsu/git_doc/Break-Points/src/../pages//223-index.md (idx: 4461-4480, 實際筆數: 20)
[2025-03-10 11:37:36] INFO: 完成文件：/Users/simonsu/git_doc/Break-Points/src/../pages//223-index.md
[2025-03-10 11:37:36] INFO: 處理文件：/Users/simonsu/git_doc/Break-Points/src/../pages//224-index.md (idx: 4481-4500, 實際筆數: 20)
[2025-03-10 11:37:36] INFO: 完成文件：/Users/simonsu/git_doc/Break-Points/src/../pages//224-index.md
[2025-03-10 11:37:36] INFO: 處理文件：/Users/simonsu/git_doc/Break-Points/src/../pages//225-index.md (idx: 4501-4520, 實際筆數: 20)
[2025-03-10 11:37:36] INFO: 完成文件：/Users/simonsu/git_doc/Break-Points/src/../pages//225-index.md
[2025-03-10 11:37:36] INFO: 處理文件：/Users/simonsu/git_doc/Break-Points/src/../pages//226-index.md (idx: 4521-4540, 實際筆數: 20)
[2025-03-10 11:37:36] INFO: 完成文件：/Users/simonsu/git_doc/Break-Points/src/../pages//226-index.md
[2025-03-10 11:37:36] INFO: 處理文件：/Users/simonsu/git_doc/Break-Points/src/../pages//227-index.md (idx: 4541-4560, 實際筆數: 20)
[2025-03-10 11:37:36] INFO: 完成文件：/Users/simonsu/git_doc/Break-Points/src/../pages//227-index.md
[2025-03-10 11:37:36] INFO: 處理文件：/Users/simonsu/git_doc/Break-Points/src/../pages//228-index.md (idx: 4561-4580, 實際筆數: 20)
[2025-03-10 11:37:36] INFO: 完成文件：/Users/simonsu/git_doc/Break-Points/src/../pages//228-index.md
[2025-03-10 11:37:36] INFO: 處理文件：/Users/simonsu/git_doc/Break-Points/src/../pages//229-index.md (idx: 4581-4600, 實際筆數: 20)
[2025-03-10 11:37:36] INFO: 完成文件：/Users/simonsu/git_doc/Break-Points/src/../pages//229-index.md
[2025-03-10 11:37:36] INFO: 處理文件：/Users/simonsu/git_doc/Break-Points/src/../pages//230-index.md (idx: 4601-4620, 實際筆數: 20)
[2025-03-10 11:37:36] INFO: 完成文件：/Users/simonsu/git_doc/Break-Points/src/../pages//230-index.md
[2025-03-10 11:37:36] INFO: 處理文件：/Users/simonsu/git_doc/Break-Points/src/../pages//231-index.md (idx: 4621-4640, 實際筆數: 20)
[2025-03-10 11:37:36] INFO: 完成文件：/Users/simonsu/git_doc/Break-Points/src/../pages//231-index.md
[2025-03-10 11:37:36] INFO: 處理文件：/Users/simonsu/git_doc/Break-Points/src/../pages//232-index.md (idx: 4641-4660, 實際筆數: 20)
[2025-03-10 11:37:36] INFO: 完成文件：/Users/simonsu/git_doc/Break-Points/src/../pages//232-index.md
[2025-03-10 11:37:36] INFO: 處理文件：/Users/simonsu/git_doc/Break-Points/src/../pages//233-index.md (idx: 4661-4680, 實際筆數: 20)
[2025-03-10 11:37:36] INFO: 完成文件：/Users/simonsu/git_doc/Break-Points/src/../pages//233-index.md
[2025-03-10 11:37:36] INFO: 處理文件：/Users/simonsu/git_doc/Break-Points/src/../pages//234-index.md (idx: 4681-4700, 實際筆數: 20)
[2025-03-10 11:37:36] INFO: 完成文件：/Users/simonsu/git_doc/Break-Points/src/../pages//234-index.md
[2025-03-10 11:37:36] INFO: 處理文件：/Users/simonsu/git_doc/Break-Points/src/../pages//235-index.md (idx: 4701-4720, 實際筆數: 20)
[2025-03-10 11:37:36] INFO: 完成文件：/Users/simonsu/git_doc/Break-Points/src/../pages//235-index.md
[2025-03-10 11:37:36] INFO: 處理文件：/Users/simonsu/git_doc/Break-Points/src/../pages//236-index.md (idx: 4721-4740, 實際筆數: 20)
[2025-03-10 11:37:36] INFO: 完成文件：/Users/simonsu/git_doc/Break-Points/src/../pages//236-index.md
[2025-03-10 11:37:36] INFO: 處理文件：/Users/simonsu/git_doc/Break-Points/src/../pages//237-index.md (idx: 4741-4760, 實際筆數: 20)
[2025-03-10 11:37:36] INFO: 完成文件：/Users/simonsu/git_doc/Break-Points/src/../pages//237-index.md
[2025-03-10 11:37:36] INFO: 處理文件：/Users/simonsu/git_doc/Break-Points/src/../pages//238-index.md (idx: 4761-4780, 實際筆數: 20)
[2025-03-10 11:37:36] INFO: 完成文件：/Users/simonsu/git_doc/Break-Points/src/../pages//238-index.md
[2025-03-10 11:37:36] INFO: 處理文件：/Users/simonsu/git_doc/Break-Points/src/../pages//239-index.md (idx: 4781-4800, 實際筆數: 20)
[2025-03-10 11:37:36] INFO: 完成文件：/Users/simonsu/git_doc/Break-Points/src/../pages//239-index.md
[2025-03-10 11:37:36] INFO: 處理文件：/Users/simonsu/git_doc/Break-Points/src/../pages//240-index.md (idx: 4801-4820, 實際筆數: 20)
[2025-03-10 11:37:36] INFO: 完成文件：/Users/simonsu/git_doc/Break-Points/src/../pages//240-index.md
[2025-03-10 11:37:36] INFO: 處理文件：/Users/simonsu/git_doc/Break-Points/src/../pages//241-index.md (idx: 4821-4840, 實際筆數: 20)
[2025-03-10 11:37:36] INFO: 完成文件：/Users/simonsu/git_doc/Break-Points/src/../pages//241-index.md
[2025-03-10 11:37:36] INFO: 處理文件：/Users/simonsu/git_doc/Break-Points/src/../pages//242-index.md (idx: 4841-4860, 實際筆數: 20)
[2025-03-10 11:37:36] INFO: 完成文件：/Users/simonsu/git_doc/Break-Points/src/../pages//242-index.md
[2025-03-10 11:37:36] INFO: 處理文件：/Users/simonsu/git_doc/Break-Points/src/../pages//243-index.md (idx: 4861-4880, 實際筆數: 20)
[2025-03-10 11:37:36] INFO: 完成文件：/Users/simonsu/git_doc/Break-Points/src/../pages//243-index.md
[2025-03-10 11:37:36] INFO: 處理文件：/Users/simonsu/git_doc/Break-Points/src/../pages//244-index.md (idx: 4881-4900, 實際筆數: 20)
[2025-03-10 11:37:36] INFO: 完成文件：/Users/simonsu/git_doc/Break-Points/src/../pages//244-index.md
[2025-03-10 11:37:36] INFO: 處理文件：/Users/simonsu/git_doc/Break-Points/src/../pages//245-index.md (idx: 4901-4920, 實際筆數: 20)
[2025-03-10 11:37:36] INFO: 完成文件：/Users/simonsu/git_doc/Break-Points/src/../pages//245-index.md
[2025-03-10 11:37:36] INFO: 處理文件：/Users/simonsu/git_doc/Break-Points/src/../pages//246-index.md (idx: 4921-4940, 實際筆數: 20)
[2025-03-10 11:37:36] INFO: 完成文件：/Users/simonsu/git_doc/Break-Points/src/../pages//246-index.md
[2025-03-10 11:37:36] INFO: 處理文件：/Users/simonsu/git_doc/Break-Points/src/../pages//247-index.md (idx: 4941-4960, 實際筆數: 20)
[2025-03-10 11:37:36] INFO: 完成文件：/Users/simonsu/git_doc/Break-Points/src/../pages//247-index.md
[2025-03-10 11:37:36] INFO: 處理文件：/Users/simonsu/git_doc/Break-Points/src/../pages//248-index.md (idx: 4961-4980, 實際筆數: 20)
[2025-03-10 11:37:36] INFO: 完成文件：/Users/simonsu/git_doc/Break-Points/src/../pages//248-index.md
[2025-03-10 11:37:36] INFO: 處理文件：/Users/simonsu/git_doc/Break-Points/src/../pages//249-index.md (idx: 4981-5000, 實際筆數: 20)
[2025-03-10 11:37:36] INFO: 完成文件：/Users/simonsu/git_doc/Break-Points/src/../pages//249-index.md
[2025-03-10 11:37:36] INFO: 處理文件：/Users/simonsu/git_doc/Break-Points/src/../pages//250-index.md (idx: 5001-5020, 實際筆數: 20)
[2025-03-10 11:37:36] INFO: 完成文件：/Users/simonsu/git_doc/Break-Points/src/../pages//250-index.md
[2025-03-10 11:37:36] INFO: 處理文件：/Users/simonsu/git_doc/Break-Points/src/../pages//251-index.md (idx: 5021-5040, 實際筆數: 20)
[2025-03-10 11:37:36] INFO: 完成文件：/Users/simonsu/git_doc/Break-Points/src/../pages//251-index.md
[2025-03-10 11:37:36] INFO: 處理文件：/Users/simonsu/git_doc/Break-Points/src/../pages//252-index.md (idx: 5041-5060, 實際筆數: 20)
[2025-03-10 11:37:36] INFO: 完成文件：/Users/simonsu/git_doc/Break-Points/src/../pages//252-index.md
[2025-03-10 11:37:36] INFO: 處理文件：/Users/simonsu/git_doc/Break-Points/src/../pages//253-index.md (idx: 5061-5080, 實際筆數: 20)
[2025-03-10 11:37:36] INFO: 完成文件：/Users/simonsu/git_doc/Break-Points/src/../pages//253-index.md
[2025-03-10 11:37:36] INFO: 處理文件：/Users/simonsu/git_doc/Break-Points/src/../pages//254-index.md (idx: 5081-5100, 實際筆數: 20)
[2025-03-10 11:37:36] INFO: 完成文件：/Users/simonsu/git_doc/Break-Points/src/../pages//254-index.md
[2025-03-10 11:37:36] INFO: 處理文件：/Users/simonsu/git_doc/Break-Points/src/../pages//255-index.md (idx: 5101-5120, 實際筆數: 20)
[2025-03-10 11:37:36] INFO: 完成文件：/Users/simonsu/git_doc/Break-Points/src/../pages//255-index.md
[2025-03-10 11:37:36] INFO: 處理文件：/Users/simonsu/git_doc/Break-Points/src/../pages//256-index.md (idx: 5121-5140, 實際筆數: 20)
[2025-03-10 11:37:36] INFO: 完成文件：/Users/simonsu/git_doc/Break-Points/src/../pages//256-index.md
[2025-03-10 11:37:36] INFO: 處理文件：/Users/simonsu/git_doc/Break-Points/src/../pages//257-index.md (idx: 5141-5160, 實際筆數: 20)
[2025-03-10 11:37:36] INFO: 完成文件：/Users/simonsu/git_doc/Break-Points/src/../pages//257-index.md
[2025-03-10 11:37:36] INFO: 處理文件：/Users/simonsu/git_doc/Break-Points/src/../pages//258-index.md (idx: 5161-5180, 實際筆數: 20)
[2025-03-10 11:37:36] INFO: 完成文件：/Users/simonsu/git_doc/Break-Points/src/../pages//258-index.md
[2025-03-10 11:37:36] INFO: 處理文件：/Users/simonsu/git_doc/Break-Points/src/../pages//259-index.md (idx: 5181-5200, 實際筆數: 20)
[2025-03-10 11:37:36] INFO: 完成文件：/Users/simonsu/git_doc/Break-Points/src/../pages//259-index.md
[2025-03-10 11:37:36] INFO: 處理文件：/Users/simonsu/git_doc/Break-Points/src/../pages//260-index.md (idx: 5201-5220, 實際筆數: 20)
[2025-03-10 11:37:36] INFO: 完成文件：/Users/simonsu/git_doc/Break-Points/src/../pages//260-index.md
[2025-03-10 11:37:36] INFO: 處理文件：/Users/simonsu/git_doc/Break-Points/src/../pages//261-index.md (idx: 5221-5240, 實際筆數: 20)
[2025-03-10 11:37:36] INFO: 完成文件：/Users/simonsu/git_doc/Break-Points/src/../pages//261-index.md
[2025-03-10 11:37:36] INFO: 處理文件：/Users/simonsu/git_doc/Break-Points/src/../pages//262-index.md (idx: 5241-5260, 實際筆數: 20)
[2025-03-10 11:37:36] INFO: 完成文件：/Users/simonsu/git_doc/Break-Points/src/../pages//262-index.md
[2025-03-10 11:37:36] INFO: 處理文件：/Users/simonsu/git_doc/Break-Points/src/../pages//263-index.md (idx: 5261-5280, 實際筆數: 20)
[2025-03-10 11:37:36] INFO: 完成文件：/Users/simonsu/git_doc/Break-Points/src/../pages//263-index.md
[2025-03-10 11:37:36] INFO: 處理文件：/Users/simonsu/git_doc/Break-Points/src/../pages//264-index.md (idx: 5281-5300, 實際筆數: 20)
[2025-03-10 11:37:36] INFO: 完成文件：/Users/simonsu/git_doc/Break-Points/src/../pages//264-index.md
[2025-03-10 11:37:36] INFO: 處理文件：/Users/simonsu/git_doc/Break-Points/src/../pages//265-index.md (idx: 5301-5320, 實際筆數: 20)
[2025-03-10 11:37:36] INFO: 完成文件：/Users/simonsu/git_doc/Break-Points/src/../pages//265-index.md
[2025-03-10 11:37:36] INFO: 處理文件：/Users/simonsu/git_doc/Break-Points/src/../pages//266-index.md (idx: 5321-5340, 實際筆數: 20)
[2025-03-10 11:37:36] INFO: 完成文件：/Users/simonsu/git_doc/Break-Points/src/../pages//266-index.md
[2025-03-10 11:37:36] INFO: 處理文件：/Users/simonsu/git_doc/Break-Points/src/../pages//267-index.md (idx: 5341-5360, 實際筆數: 20)
[2025-03-10 11:37:36] INFO: 完成文件：/Users/simonsu/git_doc/Break-Points/src/../pages//267-index.md
[2025-03-10 11:37:36] INFO: 處理文件：/Users/simonsu/git_doc/Break-Points/src/../pages//268-index.md (idx: 5361-5380, 實際筆數: 20)
[2025-03-10 11:37:36] INFO: 完成文件：/Users/simonsu/git_doc/Break-Points/src/../pages//268-index.md
[2025-03-10 11:37:36] INFO: 處理文件：/Users/simonsu/git_doc/Break-Points/src/../pages//269-index.md (idx: 5381-5400, 實際筆數: 20)
[2025-03-10 11:37:36] INFO: 完成文件：/Users/simonsu/git_doc/Break-Points/src/../pages//269-index.md
[2025-03-10 11:37:36] INFO: 處理文件：/Users/simonsu/git_doc/Break-Points/src/../pages//270-index.md (idx: 5401-5420, 實際筆數: 20)
[2025-03-10 11:37:36] INFO: 完成文件：/Users/simonsu/git_doc/Break-Points/src/../pages//270-index.md
[2025-03-10 11:37:36] INFO: 處理文件：/Users/simonsu/git_doc/Break-Points/src/../pages//271-index.md (idx: 5421-5440, 實際筆數: 20)
[2025-03-10 11:37:36] INFO: 完成文件：/Users/simonsu/git_doc/Break-Points/src/../pages//271-index.md
[2025-03-10 11:37:36] INFO: 處理文件：/Users/simonsu/git_doc/Break-Points/src/../pages//272-index.md (idx: 5441-5460, 實際筆數: 20)
[2025-03-10 11:37:36] INFO: 完成文件：/Users/simonsu/git_doc/Break-Points/src/../pages//272-index.md
[2025-03-10 11:37:36] INFO: 處理文件：/Users/simonsu/git_doc/Break-Points/src/../pages//273-index.md (idx: 5461-5480, 實際筆數: 20)
[2025-03-10 11:37:36] INFO: 完成文件：/Users/simonsu/git_doc/Break-Points/src/../pages//273-index.md
[2025-03-10 11:37:36] INFO: 處理文件：/Users/simonsu/git_doc/Break-Points/src/../pages//274-index.md (idx: 5481-5500, 實際筆數: 20)
[2025-03-10 11:37:36] INFO: 完成文件：/Users/simonsu/git_doc/Break-Points/src/../pages//274-index.md
[2025-03-10 11:37:36] INFO: 處理文件：/Users/simonsu/git_doc/Break-Points/src/../pages//275-index.md (idx: 5501-5520, 實際筆數: 20)
[2025-03-10 11:37:36] INFO: 完成文件：/Users/simonsu/git_doc/Break-Points/src/../pages//275-index.md
[2025-03-10 11:37:36] INFO: 處理文件：/Users/simonsu/git_doc/Break-Points/src/../pages//276-index.md (idx: 5521-5540, 實際筆數: 20)
[2025-03-10 11:37:36] INFO: 完成文件：/Users/simonsu/git_doc/Break-Points/src/../pages//276-index.md
[2025-03-10 11:37:36] INFO: 處理文件：/Users/simonsu/git_doc/Break-Points/src/../pages//277-index.md (idx: 5541-5560, 實際筆數: 20)
[2025-03-10 11:37:36] INFO: 完成文件：/Users/simonsu/git_doc/Break-Points/src/../pages//277-index.md
[2025-03-10 11:37:36] INFO: 處理文件：/Users/simonsu/git_doc/Break-Points/src/../pages//278-index.md (idx: 5561-5580, 實際筆數: 20)
[2025-03-10 11:37:36] INFO: 完成文件：/Users/simonsu/git_doc/Break-Points/src/../pages//278-index.md
[2025-03-10 11:37:36] INFO: 處理文件：/Users/simonsu/git_doc/Break-Points/src/../pages//279-index.md (idx: 5581-5600, 實際筆數: 20)
[2025-03-10 11:37:36] INFO: 完成文件：/Users/simonsu/git_doc/Break-Points/src/../pages//279-index.md
[2025-03-10 11:37:36] INFO: 處理文件：/Users/simonsu/git_doc/Break-Points/src/../pages//280-index.md (idx: 5601-5620, 實際筆數: 20)
[2025-03-10 11:37:36] INFO: 完成文件：/Users/simonsu/git_doc/Break-Points/src/../pages//280-index.md
[2025-03-10 11:37:36] INFO: 處理文件：/Users/simonsu/git_doc/Break-Points/src/../pages//281-index.md (idx: 5621-5640, 實際筆數: 20)
[2025-03-10 11:37:36] INFO: 完成文件：/Users/simonsu/git_doc/Break-Points/src/../pages//281-index.md
[2025-03-10 11:37:36] INFO: 處理文件：/Users/simonsu/git_doc/Break-Points/src/../pages//282-index.md (idx: 5641-5660, 實際筆數: 20)
[2025-03-10 11:37:36] INFO: 完成文件：/Users/simonsu/git_doc/Break-Points/src/../pages//282-index.md
[2025-03-10 11:37:36] INFO: 處理文件：/Users/simonsu/git_doc/Break-Points/src/../pages//283-index.md (idx: 5661-5680, 實際筆數: 20)
[2025-03-10 11:37:36] INFO: 完成文件：/Users/simonsu/git_doc/Break-Points/src/../pages//283-index.md
[2025-03-10 11:37:36] INFO: 處理文件：/Users/simonsu/git_doc/Break-Points/src/../pages//284-index.md (idx: 5681-5700, 實際筆數: 20)
[2025-03-10 11:37:36] INFO: 完成文件：/Users/simonsu/git_doc/Break-Points/src/../pages//284-index.md
[2025-03-10 11:37:36] INFO: 處理文件：/Users/simonsu/git_doc/Break-Points/src/../pages//285-index.md (idx: 5701-5720, 實際筆數: 20)
[2025-03-10 11:37:36] INFO: 完成文件：/Users/simonsu/git_doc/Break-Points/src/../pages//285-index.md
[2025-03-10 11:37:36] INFO: 處理文件：/Users/simonsu/git_doc/Break-Points/src/../pages//286-index.md (idx: 5721-5740, 實際筆數: 20)
[2025-03-10 11:37:36] INFO: 完成文件：/Users/simonsu/git_doc/Break-Points/src/../pages//286-index.md
[2025-03-10 11:37:36] INFO: 處理文件：/Users/simonsu/git_doc/Break-Points/src/../pages//287-index.md (idx: 5741-5760, 實際筆數: 20)
[2025-03-10 11:37:36] INFO: 完成文件：/Users/simonsu/git_doc/Break-Points/src/../pages//287-index.md
[2025-03-10 11:37:36] INFO: 處理文件：/Users/simonsu/git_doc/Break-Points/src/../pages//288-index.md (idx: 5761-5780, 實際筆數: 20)
[2025-03-10 11:37:36] INFO: 完成文件：/Users/simonsu/git_doc/Break-Points/src/../pages//288-index.md
[2025-03-10 11:37:36] INFO: 處理文件：/Users/simonsu/git_doc/Break-Points/src/../pages//289-index.md (idx: 5781-5800, 實際筆數: 20)
[2025-03-10 11:37:36] INFO: 完成文件：/Users/simonsu/git_doc/Break-Points/src/../pages//289-index.md
[2025-03-10 11:37:36] INFO: 處理文件：/Users/simonsu/git_doc/Break-Points/src/../pages//290-index.md (idx: 5801-5820, 實際筆數: 20)
[2025-03-10 11:37:36] INFO: 完成文件：/Users/simonsu/git_doc/Break-Points/src/../pages//290-index.md
[2025-03-10 11:37:36] INFO: 處理文件：/Users/simonsu/git_doc/Break-Points/src/../pages//291-index.md (idx: 5821-5840, 實際筆數: 20)
[2025-03-10 11:37:36] INFO: 完成文件：/Users/simonsu/git_doc/Break-Points/src/../pages//291-index.md
[2025-03-10 11:37:36] INFO: 處理文件：/Users/simonsu/git_doc/Break-Points/src/../pages//292-index.md (idx: 5841-5860, 實際筆數: 20)
[2025-03-10 11:37:36] INFO: 完成文件：/Users/simonsu/git_doc/Break-Points/src/../pages//292-index.md
[2025-03-10 11:37:36] INFO: 處理文件：/Users/simonsu/git_doc/Break-Points/src/../pages//293-index.md (idx: 5861-5880, 實際筆數: 20)
[2025-03-10 11:37:36] INFO: 完成文件：/Users/simonsu/git_doc/Break-Points/src/../pages//293-index.md
[2025-03-10 11:37:36] INFO: 處理文件：/Users/simonsu/git_doc/Break-Points/src/../pages//294-index.md (idx: 5881-5900, 實際筆數: 20)
[2025-03-10 11:37:36] INFO: 完成文件：/Users/simonsu/git_doc/Break-Points/src/../pages//294-index.md
[2025-03-10 11:37:36] INFO: 處理文件：/Users/simonsu/git_doc/Break-Points/src/../pages//295-index.md (idx: 5901-5920, 實際筆數: 20)
[2025-03-10 11:37:36] INFO: 完成文件：/Users/simonsu/git_doc/Break-Points/src/../pages//295-index.md
[2025-03-10 11:37:36] INFO: 處理文件：/Users/simonsu/git_doc/Break-Points/src/../pages//296-index.md (idx: 5921-5940, 實際筆數: 20)
[2025-03-10 11:37:36] INFO: 完成文件：/Users/simonsu/git_doc/Break-Points/src/../pages//296-index.md
[2025-03-10 11:37:36] INFO: 處理文件：/Users/simonsu/git_doc/Break-Points/src/../pages//297-index.md (idx: 5941-5960, 實際筆數: 20)
[2025-03-10 11:37:36] INFO: 完成文件：/Users/simonsu/git_doc/Break-Points/src/../pages//297-index.md
[2025-03-10 11:37:36] INFO: 處理文件：/Users/simonsu/git_doc/Break-Points/src/../pages//298-index.md (idx: 5961-5980, 實際筆數: 20)
[2025-03-10 11:37:36] INFO: 完成文件：/Users/simonsu/git_doc/Break-Points/src/../pages//298-index.md
[2025-03-10 11:37:36] INFO: 處理文件：/Users/simonsu/git_doc/Break-Points/src/../pages//299-index.md (idx: 5981-6000, 實際筆數: 20)
[2025-03-10 11:37:36] INFO: 完成文件：/Users/simonsu/git_doc/Break-Points/src/../pages//299-index.md
[2025-03-10 11:37:36] INFO: 處理文件：/Users/simonsu/git_doc/Break-Points/src/../pages//300-index.md (idx: 6001-6020, 實際筆數: 20)
[2025-03-10 11:37:36] INFO: 完成文件：/Users/simonsu/git_doc/Break-Points/src/../pages//300-index.md
[2025-03-10 11:37:36] INFO: 處理文件：/Users/simonsu/git_doc/Break-Points/src/../pages//301-index.md (idx: 6021-6040, 實際筆數: 20)
[2025-03-10 11:37:36] INFO: 完成文件：/Users/simonsu/git_doc/Break-Points/src/../pages//301-index.md
[2025-03-10 11:37:36] INFO: 處理文件：/Users/simonsu/git_doc/Break-Points/src/../pages//302-index.md (idx: 6041-6060, 實際筆數: 20)
[2025-03-10 11:37:36] INFO: 完成文件：/Users/simonsu/git_doc/Break-Points/src/../pages//302-index.md
[2025-03-10 11:37:36] INFO: 處理文件：/Users/simonsu/git_doc/Break-Points/src/../pages//303-index.md (idx: 6061-6080, 實際筆數: 20)
[2025-03-10 11:37:36] INFO: 完成文件：/Users/simonsu/git_doc/Break-Points/src/../pages//303-index.md
[2025-03-10 11:37:36] INFO: 處理文件：/Users/simonsu/git_doc/Break-Points/src/../pages//304-index.md (idx: 6081-6100, 實際筆數: 20)
[2025-03-10 11:37:36] INFO: 完成文件：/Users/simonsu/git_doc/Break-Points/src/../pages//304-index.md
[2025-03-10 11:37:36] INFO: 處理文件：/Users/simonsu/git_doc/Break-Points/src/../pages//305-index.md (idx: 6101-6120, 實際筆數: 20)
[2025-03-10 11:37:36] INFO: 完成文件：/Users/simonsu/git_doc/Break-Points/src/../pages//305-index.md
[2025-03-10 11:37:36] INFO: 處理文件：/Users/simonsu/git_doc/Break-Points/src/../pages//306-index.md (idx: 6121-6140, 實際筆數: 20)
[2025-03-10 11:37:36] INFO: 完成文件：/Users/simonsu/git_doc/Break-Points/src/../pages//306-index.md
[2025-03-10 11:37:36] INFO: 處理文件：/Users/simonsu/git_doc/Break-Points/src/../pages//307-index.md (idx: 6141-6160, 實際筆數: 20)
[2025-03-10 11:37:36] INFO: 完成文件：/Users/simonsu/git_doc/Break-Points/src/../pages//307-index.md
[2025-03-10 11:37:36] INFO: 處理文件：/Users/simonsu/git_doc/Break-Points/src/../pages//308-index.md (idx: 6161-6180, 實際筆數: 20)
[2025-03-10 11:37:36] INFO: 完成文件：/Users/simonsu/git_doc/Break-Points/src/../pages//308-index.md
[2025-03-10 11:37:36] INFO: 處理文件：/Users/simonsu/git_doc/Break-Points/src/../pages//309-index.md (idx: 6181-6200, 實際筆數: 20)
[2025-03-10 11:37:36] INFO: 完成文件：/Users/simonsu/git_doc/Break-Points/src/../pages//309-index.md
[2025-03-10 11:37:36] INFO: 處理文件：/Users/simonsu/git_doc/Break-Points/src/../pages//310-index.md (idx: 6201-6220, 實際筆數: 20)
[2025-03-10 11:37:36] INFO: 完成文件：/Users/simonsu/git_doc/Break-Points/src/../pages//310-index.md
[2025-03-10 11:37:36] INFO: 處理文件：/Users/simonsu/git_doc/Break-Points/src/../pages//311-index.md (idx: 6221-6240, 實際筆數: 20)
[2025-03-10 11:37:36] INFO: 完成文件：/Users/simonsu/git_doc/Break-Points/src/../pages//311-index.md
[2025-03-10 11:37:36] INFO: 處理文件：/Users/simonsu/git_doc/Break-Points/src/../pages//312-index.md (idx: 6241-6260, 實際筆數: 20)
[2025-03-10 11:37:36] INFO: 完成文件：/Users/simonsu/git_doc/Break-Points/src/../pages//312-index.md
[2025-03-10 11:37:36] INFO: 處理文件：/Users/simonsu/git_doc/Break-Points/src/../pages//313-index.md (idx: 6261-6280, 實際筆數: 20)
[2025-03-10 11:37:36] INFO: 完成文件：/Users/simonsu/git_doc/Break-Points/src/../pages//313-index.md
[2025-03-10 11:37:36] INFO: 處理文件：/Users/simonsu/git_doc/Break-Points/src/../pages//314-index.md (idx: 6281-6300, 實際筆數: 20)
[2025-03-10 11:37:36] INFO: 完成文件：/Users/simonsu/git_doc/Break-Points/src/../pages//314-index.md
[2025-03-10 11:37:36] INFO: 處理文件：/Users/simonsu/git_doc/Break-Points/src/../pages//315-index.md (idx: 6301-6320, 實際筆數: 20)
[2025-03-10 11:37:36] INFO: 完成文件：/Users/simonsu/git_doc/Break-Points/src/../pages//315-index.md
[2025-03-10 11:37:36] INFO: 處理文件：/Users/simonsu/git_doc/Break-Points/src/../pages//316-index.md (idx: 6321-6340, 實際筆數: 20)
[2025-03-10 11:37:36] INFO: 完成文件：/Users/simonsu/git_doc/Break-Points/src/../pages//316-index.md
[2025-03-10 11:37:36] INFO: 處理文件：/Users/simonsu/git_doc/Break-Points/src/../pages//317-index.md (idx: 6341-6360, 實際筆數: 20)
[2025-03-10 11:37:36] INFO: 完成文件：/Users/simonsu/git_doc/Break-Points/src/../pages//317-index.md
[2025-03-10 11:37:36] INFO: 處理文件：/Users/simonsu/git_doc/Break-Points/src/../pages//318-index.md (idx: 6361-6380, 實際筆數: 20)
[2025-03-10 11:37:36] INFO: 完成文件：/Users/simonsu/git_doc/Break-Points/src/../pages//318-index.md
[2025-03-10 11:37:36] INFO: 處理文件：/Users/simonsu/git_doc/Break-Points/src/../pages//319-index.md (idx: 6381-6400, 實際筆數: 20)
[2025-03-10 11:37:36] INFO: 完成文件：/Users/simonsu/git_doc/Break-Points/src/../pages//319-index.md
[2025-03-10 11:37:36] INFO: 處理文件：/Users/simonsu/git_doc/Break-Points/src/../pages//320-index.md (idx: 6401-6420, 實際筆數: 20)
[2025-03-10 11:37:36] INFO: 完成文件：/Users/simonsu/git_doc/Break-Points/src/../pages//320-index.md
[2025-03-10 11:37:36] INFO: 處理文件：/Users/simonsu/git_doc/Break-Points/src/../pages//321-index.md (idx: 6421-6440, 實際筆數: 20)
[2025-03-10 11:37:36] INFO: 完成文件：/Users/simonsu/git_doc/Break-Points/src/../pages//321-index.md
[2025-03-10 11:37:36] INFO: 處理文件：/Users/simonsu/git_doc/Break-Points/src/../pages//322-index.md (idx: 6441-6460, 實際筆數: 20)
[2025-03-10 11:37:36] INFO: 完成文件：/Users/simonsu/git_doc/Break-Points/src/../pages//322-index.md
[2025-03-10 11:37:36] INFO: 處理文件：/Users/simonsu/git_doc/Break-Points/src/../pages//323-index.md (idx: 6461-6480, 實際筆數: 20)
[2025-03-10 11:37:36] INFO: 完成文件：/Users/simonsu/git_doc/Break-Points/src/../pages//323-index.md
[2025-03-10 11:37:36] INFO: 處理文件：/Users/simonsu/git_doc/Break-Points/src/../pages//324-index.md (idx: 6481-6500, 實際筆數: 20)
[2025-03-10 11:37:36] INFO: 完成文件：/Users/simonsu/git_doc/Break-Points/src/../pages//324-index.md
[2025-03-10 11:37:36] INFO: 處理文件：/Users/simonsu/git_doc/Break-Points/src/../pages//325-index.md (idx: 6501-6520, 實際筆數: 20)
[2025-03-10 11:37:36] INFO: 完成文件：/Users/simonsu/git_doc/Break-Points/src/../pages//325-index.md
[2025-03-10 11:37:36] INFO: 處理文件：/Users/simonsu/git_doc/Break-Points/src/../pages//326-index.md (idx: 6521-6540, 實際筆數: 20)
[2025-03-10 11:37:36] INFO: 完成文件：/Users/simonsu/git_doc/Break-Points/src/../pages//326-index.md
[2025-03-10 11:37:36] INFO: 處理文件：/Users/simonsu/git_doc/Break-Points/src/../pages//327-index.md (idx: 6541-6560, 實際筆數: 20)
[2025-03-10 11:37:36] INFO: 完成文件：/Users/simonsu/git_doc/Break-Points/src/../pages//327-index.md
[2025-03-10 11:37:36] INFO: 處理文件：/Users/simonsu/git_doc/Break-Points/src/../pages//328-index.md (idx: 6561-6580, 實際筆數: 20)
[2025-03-10 11:37:36] INFO: 完成文件：/Users/simonsu/git_doc/Break-Points/src/../pages//328-index.md
[2025-03-10 11:37:36] INFO: 處理文件：/Users/simonsu/git_doc/Break-Points/src/../pages//329-index.md (idx: 6581-6600, 實際筆數: 20)
[2025-03-10 11:37:36] INFO: 完成文件：/Users/simonsu/git_doc/Break-Points/src/../pages//329-index.md
[2025-03-10 11:37:36] INFO: 處理文件：/Users/simonsu/git_doc/Break-Points/src/../pages//330-index.md (idx: 6601-6614, 實際筆數: 14)
[2025-03-10 11:37:36] INFO: 完成文件：/Users/simonsu/git_doc/Break-Points/src/../pages//330-index.md
[2025-03-10 11:37:36] INFO: 總共產生了 331 個文件
[2025-03-10 11:37:36] INFO: 沒有新影片需要通知
[2025-03-10 11:37:36] INFO: 更新程序完成
